#
# A fatal error has been detected by the Java Runtime Environment:
#
#  EXCEPTION_ACCESS_VIOLATION (0xc0000005) at pc=0x00007ffa93f71a86, pid=7804, tid=3668
#
# JRE version: OpenJDK Runtime Environment (11.0.12+7) (build 11.0.12+7-b1504.28-7817840)
# Java VM: OpenJDK 64-Bit Server VM (11.0.12+7-b1504.28-7817840, mixed mode, tiered, compressed oops, g1 gc, windows-amd64)
# Problematic frame:
# V  [jvm.dll+0x191a86]
#
# No core dump will be written. Minidumps are not enabled by default on client versions of Windows
#
# If you would like to submit a bug report, please visit:
#   https://bugreport.java.com/bugreport/crash.jsp
#

---------------  S U M M A R Y ------------

Command Line: --add-opens=java.base/java.util=ALL-UNNAMED --add-opens=java.base/java.lang=ALL-UNNAMED --add-opens=java.base/java.lang.invoke=ALL-UNNAMED --add-opens=java.base/java.util=ALL-UNNAMED --add-opens=java.prefs/java.util.prefs=ALL-UNNAMED --add-opens=java.prefs/java.util.prefs=ALL-UNNAMED --add-opens=java.base/java.nio.charset=ALL-UNNAMED --add-opens=java.base/java.net=ALL-UNNAMED --add-opens=java.base/java.util.concurrent.atomic=ALL-UNNAMED -Xmx2048m -Dfile.encoding=UTF-8 -Duser.country=US -Duser.language=en -Duser.variant org.gradle.launcher.daemon.bootstrap.GradleDaemon 7.2

Host: Intel(R) Core(TM) i5-3230M CPU @ 2.60GHz, 4 cores, 7G,  Windows 10 , 64 bit Build 19041 (10.0.19041.928)
Time: Fri Aug 12 18:54:53 2022 Pakistan Standard Time elapsed time: 4109.107384 seconds (0d 1h 8m 29s)

---------------  T H R E A D  ---------------

Current thread (0x0000029181ef8000):  ConcurrentGCThread "G1 Conc#0" [stack: 0x000000c4dc100000,0x000000c4dc200000] [id=3668]

Stack: [0x000000c4dc100000,0x000000c4dc200000],  sp=0x000000c4dc1ff378,  free space=1020k
Native frames: (J=compiled Java code, j=interpreted, Vv=VM code, C=native code)
V  [jvm.dll+0x191a86]


siginfo: EXCEPTION_ACCESS_VIOLATION (0xc0000005), reading address 0x0000000006010020


Register to memory mapping:

RIP=0x00007ffa93f71a86 jvm.dll
RAX=0x8000048000000001 is an unknown value
RBX=0x0000000085d800b2 is pointing into object: com.google.common.collect.RegularImmutableList 
{0x0000000085d800b0} - klass: 'com/google/common/collect/RegularImmutableList'
RCX=0x0000000085d800b2 is pointing into object: com.google.common.collect.RegularImmutableList 
{0x0000000085d800b0} - klass: 'com/google/common/collect/RegularImmutableList'
RDX=0x0000000085d800b2 is pointing into object: com.google.common.collect.RegularImmutableList 
{0x0000000085d800b0} - klass: 'com/google/common/collect/RegularImmutableList'
RSP=0x000000c4dc1ff378 points into unknown readable memory: 0x00007ffa940c22ea | ea 22 0c 94 fa 7f 00 00
RBP=0x0000029181eeda50 points into unknown readable memory: 0x0000029181ef6800 | 00 68 ef 81 91 02 00 00
RSI=0x0000000000000001 is an unknown value
RDI=0x0 is NULL
R8 =0x8000048000000000 is an unknown value
R9 =0x0000000006010018 is an unknown value
R10=0x0000029181eeda50 points into unknown readable memory: 0x0000029181ef6800 | 00 68 ef 81 91 02 00 00
R11=0x346dc5d63886594b is an unknown value
R12=0x0000000000000001 is an unknown value
R13=0x0 is NULL
R14=0x0 is NULL
R15=0x0000000085d80558 is an oop: org.gradle.internal.component.external.model.maven.DefaultMavenModuleResolveMetadata 
{0x0000000085d80558} - klass: 'org/gradle/internal/component/external/model/maven/DefaultMavenModuleResolveMetadata'


Registers:
RAX=0x8000048000000001, RBX=0x0000000085d800b2, RCX=0x0000000085d800b2, RDX=0x0000000085d800b2
RSP=0x000000c4dc1ff378, RBP=0x0000029181eeda50, RSI=0x0000000000000001, RDI=0x0000000000000000
R8 =0x8000048000000000, R9 =0x0000000006010018, R10=0x0000029181eeda50, R11=0x346dc5d63886594b
R12=0x0000000000000001, R13=0x0000000000000000, R14=0x0000000000000000, R15=0x0000000085d80558
RIP=0x00007ffa93f71a86, EFLAGS=0x0000000000010206

Top of Stack: (sp=0x000000c4dc1ff378)
0x000000c4dc1ff378:   00007ffa940c22ea 0000000085d800b2
0x000000c4dc1ff388:   00000001006293f0 0000029181c4b010
0x000000c4dc1ff398:   000000c4dc1ff548 0000000100629400
0x000000c4dc1ff3a8:   00007ffa940c2196 00000001006293f0
0x000000c4dc1ff3b8:   0000000085d800b2 0000029181efa150
0x000000c4dc1ff3c8:   000000c4dc1ff548 0000000000000000
0x000000c4dc1ff3d8:   000000c4dc1ff548 0000000085d805a0
0x000000c4dc1ff3e8:   00007ffa940b9fbd 0000000085d7fe08
0x000000c4dc1ff3f8:   0000000085d8057c 0000000085d6c230
0x000000c4dc1ff408:   0000000085d6c248 0000000000000000
0x000000c4dc1ff418:   0000029181ef8401 0000000100628de8
0x000000c4dc1ff428:   00007ffa940b9871 000000000000000d
0x000000c4dc1ff438:   000000c4dc1ff548 0000000085d80558
0x000000c4dc1ff448:   0000029181ef84c0 0000000085d80558
0x000000c4dc1ff458:   00007ffa940c7d4f 0000029181efa150
0x000000c4dc1ff468:   000000c4dc1ff599 0000000000000000 

Instructions: (pc=0x00007ffa93f71a86)
0x00007ffa93f71986:   48 89 5c 24 20 e8 f0 00 00 00 80 7f 30 00 48 63
0x00007ffa93f71996:   c8 48 89 4c 24 28 0f 28 44 24 20 74 17 0f 11 86
0x00007ffa93f719a6:   98 03 00 00 48 8b 5c 24 40 48 8b 74 24 48 48 83
0x00007ffa93f719b6:   c4 30 5f c3 48 8b 07 48 8d 54 24 20 48 8b cf 66
0x00007ffa93f719c6:   0f 7f 44 24 20 ff 50 38 48 8b 5c 24 40 48 8b 74
0x00007ffa93f719d6:   24 48 48 83 c4 30 5f c3 cc cc 40 53 48 83 ec 30
0x00007ffa93f719e6:   0f 10 82 98 03 00 00 48 8b da 0f 10 c8 66 0f 73
0x00007ffa93f719f6:   d9 08 66 48 0f 7e c8 48 85 c0 74 28 48 8b 01 48
0x00007ffa93f71a06:   8d 54 24 20 0f 29 44 24 20 ff 50 40 33 c0 48 89
0x00007ffa93f71a16:   44 24 20 48 89 44 24 28 0f 10 44 24 20 0f 11 83
0x00007ffa93f71a26:   98 03 00 00 48 83 c4 30 5b c3 48 8b 49 38 48 8b
0x00007ffa93f71a36:   01 48 ff 60 28 cc cc cc cc cc 80 3d 91 a6 87 00
0x00007ffa93f71a46:   00 48 8b c1 74 1b 8b 51 08 8b 0d 83 13 83 00 48
0x00007ffa93f71a56:   d3 e2 48 8b c8 48 03 15 6e 13 83 00 e9 19 00 00
0x00007ffa93f71a66:   00 48 8b 51 08 48 8b c8 e9 0d 00 00 00 cc cc cc
0x00007ffa93f71a76:   cc cc cc cc cc cc cc cc cc cc 4c 8b ca 48 8b d1
0x00007ffa93f71a86:   45 8b 41 08 45 85 c0 7e 0e 41 f6 c0 01 75 59 41
0x00007ffa93f71a96:   c1 f8 03 41 8b c0 c3 79 4f 80 3d 32 a6 87 00 00
0x00007ffa93f71aa6:   b8 0c 00 00 00 b9 10 00 00 00 0f 45 c8 8b 05 ab
0x00007ffa93f71ab6:   5c 81 00 ff c8 4c 63 c8 48 63 c1 41 8b c8 83 e1
0x00007ffa93f71ac6:   3f 48 63 14 10 41 8b c0 48 c1 f8 10 0f b6 c0 48
0x00007ffa93f71ad6:   d3 e2 49 8d 0c 11 49 f7 d1 48 03 c1 49 c1 e9 03
0x00007ffa93f71ae6:   48 c1 e8 03 41 23 c1 c3 49 8b 01 49 8b c9 48 ff
0x00007ffa93f71af6:   a0 10 01 00 00 cc cc cc cc cc 48 83 ec 38 0f 10
0x00007ffa93f71b06:   02 48 8b 49 38 48 8d 54 24 20 0f 29 44 24 20 e8
0x00007ffa93f71b16:   66 f0 ff ff 48 83 c4 38 c3 cc 48 89 5c 24 08 55
0x00007ffa93f71b26:   56 57 41 54 41 55 41 56 41 57 48 8d 6c 24 e0 48
0x00007ffa93f71b36:   81 ec 20 01 00 00 48 8b 05 7d 99 84 00 48 33 c4
0x00007ffa93f71b46:   48 89 45 10 48 8b 05 ff 0f 87 00 45 33 ed 4c 8b
0x00007ffa93f71b56:   b5 80 00 00 00 4c 8b fa 48 8b bd 88 00 00 00 4d
0x00007ffa93f71b66:   8b c6 49 8b d6 49 8b f1 48 8b 48 38 48 8b 59 48
0x00007ffa93f71b76:   49 8b cf c7 45 c0 ff ff ff ff 44 89 6d d4 4c 89 


Stack slot to memory mapping:
stack at sp + 0 slots: 0x00007ffa940c22ea jvm.dll
stack at sp + 1 slots: 0x0000000085d800b2 is pointing into object: com.google.common.collect.RegularImmutableList 
{0x0000000085d800b0} - klass: 'com/google/common/collect/RegularImmutableList'
stack at sp + 2 slots: 0x00000001006293f0 is pointing into metadata
stack at sp + 3 slots: 0x0000029181c4b010 points into unknown readable memory: 0x0055005c00000045 | 45 00 00 00 5c 00 55 00
stack at sp + 4 slots: 0x000000c4dc1ff548 points into unknown readable memory: 0x00007ffa94610280 | 80 02 61 94 fa 7f 00 00
stack at sp + 5 slots: 0x0000000100629400 is a pointer to class: 
stack at sp + 6 slots: 0x00007ffa940c2196 jvm.dll
stack at sp + 7 slots: 0x00000001006293f0 is pointing into metadata


---------------  P R O C E S S  ---------------

Threads class SMR info:
_java_thread_list=0x00000291a58136a0, length=92, elements={
0x0000029181eaa000, 0x000002919da0f000, 0x000002919da12000, 0x000002919da2a800,
0x000002919da2c800, 0x000002919da2d800, 0x000002919da30800, 0x000002919da37000,
0x000002919da42800, 0x000002919e4fb000, 0x000002919fab2000, 0x000002919ee8d000,
0x000002919f770800, 0x00000291a01e4000, 0x00000291a01de800, 0x00000291a01e5000,
0x00000291a01e0000, 0x00000291a01e2000, 0x00000291a392d800, 0x00000291a392b800,
0x00000291a392e000, 0x00000291a3928800, 0x00000291a3934000, 0x00000291a2c13000,
0x00000291a2c15800, 0x00000291a41a5000, 0x00000291a41a7800, 0x00000291a41a8800,
0x00000291a41ab800, 0x000002919e70a800, 0x00000291a2473000, 0x000002919e703800,
0x000002919e704000, 0x000002919e706800, 0x000002919e705000, 0x000002919e705800,
0x000002919e707800, 0x000002919e701800, 0x000002919e70b800, 0x000002919e709000,
0x000002919e70c000, 0x000002919e70d000, 0x000002919e708000, 0x000002919e70f800,
0x000002919e70a000, 0x00000291a057a000, 0x000002919e710800, 0x000002919e70e000,
0x000002919e70e800, 0x00000291a2c0a000, 0x00000291a2c0c800, 0x00000291a2c0b000,
0x00000291a2c0e000, 0x00000291a2c0d800, 0x00000291a2c0f000, 0x00000291a2c09000,
0x00000291a2c0f800, 0x00000291a2c10800, 0x00000291a2c11800, 0x00000291a2c0b800,
0x00000291a2c18000, 0x00000291a2c14800, 0x00000291a2c16800, 0x00000291a2c17000,
0x00000291a2c12000, 0x00000291a2479000, 0x00000291a2479800, 0x00000291a2474000,
0x00000291a2475000, 0x00000291a247a800, 0x00000291a247b800, 0x00000291a2475800,
0x00000291a2480000, 0x00000291a247f800, 0x00000291a247c000, 0x00000291a247d000,
0x00000291a247d800, 0x00000291a247e800, 0x00000291a2481000, 0x00000291a2482000,
0x00000291a392c800, 0x00000291a392f000, 0x00000291a392a000, 0x00000291a3931800,
0x00000291a3934800, 0x00000291a3936800, 0x00000291a3932000, 0x00000291a3933000,
0x00000291a3935800, 0x00000291a41a6000, 0x00000291a41a9000, 0x00000291a41aa000
}

Java Threads: ( => current thread )
  0x0000029181eaa000 JavaThread "main" [_thread_blocked, id=248, stack(0x000000c4dbe00000,0x000000c4dbf00000)]
  0x000002919da0f000 JavaThread "Reference Handler" daemon [_thread_blocked, id=7452, stack(0x000000c4dc500000,0x000000c4dc600000)]
  0x000002919da12000 JavaThread "Finalizer" daemon [_thread_blocked, id=10040, stack(0x000000c4dc600000,0x000000c4dc700000)]
  0x000002919da2a800 JavaThread "Signal Dispatcher" daemon [_thread_blocked, id=10144, stack(0x000000c4dc700000,0x000000c4dc800000)]
  0x000002919da2c800 JavaThread "Attach Listener" daemon [_thread_blocked, id=6568, stack(0x000000c4dc800000,0x000000c4dc900000)]
  0x000002919da2d800 JavaThread "Service Thread" daemon [_thread_blocked, id=11592, stack(0x000000c4dc900000,0x000000c4dca00000)]
  0x000002919da30800 JavaThread "C2 CompilerThread0" daemon [_thread_in_native, id=5540, stack(0x000000c4dca00000,0x000000c4dcb00000)]
  0x000002919da37000 JavaThread "C1 CompilerThread0" daemon [_thread_blocked, id=9100, stack(0x000000c4dcb00000,0x000000c4dcc00000)]
  0x000002919da42800 JavaThread "Sweeper thread" daemon [_thread_blocked, id=9592, stack(0x000000c4dcc00000,0x000000c4dcd00000)]
  0x000002919e4fb000 JavaThread "Common-Cleaner" daemon [_thread_blocked, id=5372, stack(0x000000c4dcd00000,0x000000c4dce00000)]
  0x000002919fab2000 JavaThread "Daemon health stats" [_thread_blocked, id=3088, stack(0x000000c4dd200000,0x000000c4dd300000)]
  0x000002919ee8d000 JavaThread "Incoming local TCP Connector on port 49897" [_thread_in_native, id=9940, stack(0x000000c4dcf00000,0x000000c4dd000000)]
  0x000002919f770800 JavaThread "Daemon periodic checks" [_thread_blocked, id=10356, stack(0x000000c4dd300000,0x000000c4dd400000)]
  0x00000291a01e4000 JavaThread "Cache worker for journal cache (C:\Users\Track Computers\.gradle\caches\journal-1)" [_thread_blocked, id=4768, stack(0x000000c4ddc00000,0x000000c4ddd00000)]
  0x00000291a01de800 JavaThread "File lock request listener" [_thread_in_native, id=7248, stack(0x000000c4ddd00000,0x000000c4dde00000)]
  0x00000291a01e5000 JavaThread "Cache worker for file hash cache (C:\Users\Track Computers\.gradle\caches\7.2\fileHashes)" [_thread_blocked, id=10568, stack(0x000000c4dde00000,0x000000c4ddf00000)]
  0x00000291a01e0000 JavaThread "File watcher server" daemon [_thread_in_native, id=12176, stack(0x000000c4de100000,0x000000c4de200000)]
  0x00000291a01e2000 JavaThread "File watcher consumer" daemon [_thread_blocked, id=7024, stack(0x000000c4de200000,0x000000c4de300000)]
  0x00000291a392d800 JavaThread "Cache worker for execution history cache (C:\Users\Track Computers\.gradle\caches\7.2\executionHistory)" [_thread_blocked, id=2028, stack(0x000000c4de600000,0x000000c4de700000)]
  0x00000291a392b800 JavaThread "jar transforms" [_thread_blocked, id=10416, stack(0x000000c4de700000,0x000000c4de800000)]
  0x00000291a392e000 JavaThread "Cache worker for file content cache (C:\Users\Track Computers\.gradle\caches\7.2\fileContent)" [_thread_blocked, id=11812, stack(0x000000c4de800000,0x000000c4de900000)]
  0x00000291a3928800 JavaThread "jar transforms Thread 2" [_thread_blocked, id=2396, stack(0x000000c4de900000,0x000000c4dea00000)]
  0x00000291a3934000 JavaThread "jar transforms Thread 3" [_thread_blocked, id=11072, stack(0x000000c4deb00000,0x000000c4dec00000)]
  0x00000291a2c13000 JavaThread "jar transforms Thread 4" [_thread_blocked, id=5012, stack(0x000000c4e1500000,0x000000c4e1600000)]
  0x00000291a2c15800 JavaThread "Memory manager" [_thread_blocked, id=3020, stack(0x000000c4e1600000,0x000000c4e1700000)]
  0x00000291a41a5000 JavaThread "RMI Scheduler(0)" daemon [_thread_blocked, id=6008, stack(0x000000c4ddf00000,0x000000c4de000000)]
  0x00000291a41a7800 JavaThread "RMI GC Daemon" daemon [_thread_blocked, id=2380, stack(0x000000c4e1e00000,0x000000c4e1f00000)]
  0x00000291a41a8800 JavaThread "RMI TCP Accept-0" daemon [_thread_in_native, id=188, stack(0x000000c4e1f00000,0x000000c4e2000000)]
  0x00000291a41ab800 JavaThread "RMI Reaper" [_thread_blocked, id=9924, stack(0x000000c4e2000000,0x000000c4e2100000)]
  0x000002919e70a800 JavaThread "Cache worker for Java compile cache (C:\Users\Track Computers\.gradle\caches\7.2\javaCompile)" [_thread_blocked, id=8792, stack(0x000000c4e2200000,0x000000c4e2300000)]
  0x00000291a2473000 JavaThread "ForkJoinPool.commonPool-worker-3" daemon [_thread_blocked, id=6780, stack(0x000000c4e2b00000,0x000000c4e2c00000)]
  0x000002919e703800 JavaThread "RMI TCP Connection(idle)" daemon [_thread_blocked, id=6288, stack(0x000000c4dbb00000,0x000000c4dbc00000)]
  0x000002919e704000 JavaThread "Daemon Thread 5" [_thread_blocked, id=10892, stack(0x000000c4dbc00000,0x000000c4dbd00000)]
  0x000002919e706800 JavaThread "Handler for socket connection from /127.0.0.1:49897 to /127.0.0.1:50033" [_thread_in_native, id=1636, stack(0x000000c4dbd00000,0x000000c4dbe00000)]
  0x000002919e705000 JavaThread "Cancel handler" [_thread_blocked, id=10316, stack(0x000000c4dd400000,0x000000c4dd500000)]
  0x000002919e705800 JavaThread "Daemon worker Thread 5" [_thread_blocked, id=2196, stack(0x000000c4dd500000,0x000000c4dd600000)]
  0x000002919e707800 JavaThread "Asynchronous log dispatcher for DefaultDaemonConnection: socket connection from /127.0.0.1:49897 to /127.0.0.1:50033" [_thread_blocked, id=9804, stack(0x000000c4dd600000,0x000000c4dd700000)]
  0x000002919e701800 JavaThread "Stdin handler" [_thread_blocked, id=1176, stack(0x000000c4dd700000,0x000000c4dd800000)]
  0x000002919e70b800 JavaThread "Daemon client event forwarder" [_thread_blocked, id=4908, stack(0x000000c4dd800000,0x000000c4dd900000)]
  0x000002919e709000 JavaThread "Cache worker for file hash cache (E:\LedgerO\LedgerO\.gradle\7.2\fileHashes)" [_thread_blocked, id=4668, stack(0x000000c4dd900000,0x000000c4dda00000)]
  0x000002919e70c000 JavaThread "Cache worker for checksums cache (E:\LedgerO\LedgerO\.gradle\checksums)" [_thread_blocked, id=6436, stack(0x000000c4dda00000,0x000000c4ddb00000)]
  0x000002919e70d000 JavaThread "Cache worker for cache directory md-supplier (C:\Users\Track Computers\.gradle\caches\7.2\md-supplier)" [_thread_blocked, id=11672, stack(0x000000c4de300000,0x000000c4de400000)]
  0x000002919e708000 JavaThread "Cache worker for cache directory md-rule (C:\Users\Track Computers\.gradle\caches\7.2\md-rule)" [_thread_blocked, id=3620, stack(0x000000c4de400000,0x000000c4de500000)]
  0x000002919e70f800 JavaThread "Cache worker for dependencies-accessors (E:\LedgerO\LedgerO\.gradle\7.2\dependencies-accessors)" [_thread_blocked, id=5348, stack(0x000000c4de500000,0x000000c4de600000)]
  0x000002919e70a000 JavaThread "Cache worker for Build Output Cleanup Cache (E:\LedgerO\LedgerO\.gradle\buildOutputCleanup)" [_thread_blocked, id=5300, stack(0x000000c4dea00000,0x000000c4deb00000)]
  0x00000291a057a000 JavaThread "C2 CompilerThread1" daemon [_thread_in_native, id=3700, stack(0x000000c4dec00000,0x000000c4ded00000)]
  0x000002919e710800 JavaThread "Unconstrained build operations" [_thread_blocked, id=12048, stack(0x000000c4ded00000,0x000000c4dee00000)]
  0x000002919e70e000 JavaThread "Unconstrained build operations Thread 2" [_thread_blocked, id=2464, stack(0x000000c4dee00000,0x000000c4def00000)]
  0x000002919e70e800 JavaThread "Unconstrained build operations Thread 3" [_thread_blocked, id=9664, stack(0x000000c4def00000,0x000000c4df000000)]
  0x00000291a2c0a000 JavaThread "Unconstrained build operations Thread 4" [_thread_blocked, id=7888, stack(0x000000c4df000000,0x000000c4df100000)]
  0x00000291a2c0c800 JavaThread "Unconstrained build operations Thread 5" [_thread_blocked, id=8836, stack(0x000000c4df100000,0x000000c4df200000)]
  0x00000291a2c0b000 JavaThread "Unconstrained build operations Thread 6" [_thread_blocked, id=9948, stack(0x000000c4df200000,0x000000c4df300000)]
  0x00000291a2c0e000 JavaThread "Unconstrained build operations Thread 7" [_thread_blocked, id=10852, stack(0x000000c4df300000,0x000000c4df400000)]
  0x00000291a2c0d800 JavaThread "Unconstrained build operations Thread 8" [_thread_blocked, id=6472, stack(0x000000c4df400000,0x000000c4df500000)]
  0x00000291a2c0f000 JavaThread "Unconstrained build operations Thread 9" [_thread_blocked, id=7048, stack(0x000000c4df500000,0x000000c4df600000)]
  0x00000291a2c09000 JavaThread "Unconstrained build operations Thread 10" [_thread_blocked, id=7928, stack(0x000000c4df600000,0x000000c4df700000)]
  0x00000291a2c0f800 JavaThread "Unconstrained build operations Thread 11" [_thread_blocked, id=2496, stack(0x000000c4df700000,0x000000c4df800000)]
  0x00000291a2c10800 JavaThread "Unconstrained build operations Thread 12" [_thread_blocked, id=1720, stack(0x000000c4df800000,0x000000c4df900000)]
  0x00000291a2c11800 JavaThread "Unconstrained build operations Thread 13" [_thread_blocked, id=4344, stack(0x000000c4df900000,0x000000c4dfa00000)]
  0x00000291a2c0b800 JavaThread "Unconstrained build operations Thread 14" [_thread_blocked, id=12212, stack(0x000000c4dfa00000,0x000000c4dfb00000)]
  0x00000291a2c18000 JavaThread "Unconstrained build operations Thread 15" [_thread_blocked, id=5368, stack(0x000000c4dfb00000,0x000000c4dfc00000)]
  0x00000291a2c14800 JavaThread "Unconstrained build operations Thread 16" [_thread_blocked, id=11676, stack(0x000000c4dfc00000,0x000000c4dfd00000)]
  0x00000291a2c16800 JavaThread "Unconstrained build operations Thread 17" [_thread_blocked, id=556, stack(0x000000c4dfd00000,0x000000c4dfe00000)]
  0x00000291a2c17000 JavaThread "Unconstrained build operations Thread 18" [_thread_blocked, id=7656, stack(0x000000c4dfe00000,0x000000c4dff00000)]
  0x00000291a2c12000 JavaThread "Unconstrained build operations Thread 19" [_thread_blocked, id=9768, stack(0x000000c4dff00000,0x000000c4e0000000)]
  0x00000291a2479000 JavaThread "Unconstrained build operations Thread 20" [_thread_blocked, id=11472, stack(0x000000c4e0000000,0x000000c4e0100000)]
  0x00000291a2479800 JavaThread "Unconstrained build operations Thread 21" [_thread_blocked, id=6140, stack(0x000000c4e0100000,0x000000c4e0200000)]
  0x00000291a2474000 JavaThread "Unconstrained build operations Thread 22" [_thread_blocked, id=10168, stack(0x000000c4e0200000,0x000000c4e0300000)]
  0x00000291a2475000 JavaThread "Unconstrained build operations Thread 23" [_thread_blocked, id=7404, stack(0x000000c4e0300000,0x000000c4e0400000)]
  0x00000291a247a800 JavaThread "Unconstrained build operations Thread 24" [_thread_blocked, id=11816, stack(0x000000c4e0400000,0x000000c4e0500000)]
  0x00000291a247b800 JavaThread "Unconstrained build operations Thread 25" [_thread_blocked, id=6416, stack(0x000000c4e0500000,0x000000c4e0600000)]
  0x00000291a2475800 JavaThread "Unconstrained build operations Thread 26" [_thread_blocked, id=12116, stack(0x000000c4e0600000,0x000000c4e0700000)]
  0x00000291a2480000 JavaThread "Unconstrained build operations Thread 27" [_thread_blocked, id=1840, stack(0x000000c4e0700000,0x000000c4e0800000)]
  0x00000291a247f800 JavaThread "Unconstrained build operations Thread 28" [_thread_blocked, id=4660, stack(0x000000c4e0800000,0x000000c4e0900000)]
  0x00000291a247c000 JavaThread "Unconstrained build operations Thread 29" [_thread_blocked, id=7200, stack(0x000000c4e0900000,0x000000c4e0a00000)]
  0x00000291a247d000 JavaThread "Unconstrained build operations Thread 30" [_thread_blocked, id=8960, stack(0x000000c4e0a00000,0x000000c4e0b00000)]
  0x00000291a247d800 JavaThread "Unconstrained build operations Thread 31" [_thread_blocked, id=8568, stack(0x000000c4e0b00000,0x000000c4e0c00000)]
  0x00000291a247e800 JavaThread "Unconstrained build operations Thread 32" [_thread_blocked, id=6904, stack(0x000000c4e0c00000,0x000000c4e0d00000)]
  0x00000291a2481000 JavaThread "Unconstrained build operations Thread 33" [_thread_blocked, id=11404, stack(0x000000c4e0d00000,0x000000c4e0e00000)]
  0x00000291a2482000 JavaThread "Unconstrained build operations Thread 34" [_thread_blocked, id=400, stack(0x000000c4e0e00000,0x000000c4e0f00000)]
  0x00000291a392c800 JavaThread "Unconstrained build operations Thread 35" [_thread_blocked, id=7912, stack(0x000000c4e0f00000,0x000000c4e1000000)]
  0x00000291a392f000 JavaThread "Unconstrained build operations Thread 36" [_thread_blocked, id=7060, stack(0x000000c4e1000000,0x000000c4e1100000)]
  0x00000291a392a000 JavaThread "Unconstrained build operations Thread 37" [_thread_blocked, id=10016, stack(0x000000c4e1100000,0x000000c4e1200000)]
  0x00000291a3931800 JavaThread "Unconstrained build operations Thread 38" [_thread_blocked, id=4148, stack(0x000000c4e1200000,0x000000c4e1300000)]
  0x00000291a3934800 JavaThread "Unconstrained build operations Thread 39" [_thread_blocked, id=11940, stack(0x000000c4e1300000,0x000000c4e1400000)]
  0x00000291a3936800 JavaThread "Unconstrained build operations Thread 40" [_thread_blocked, id=5320, stack(0x000000c4e1400000,0x000000c4e1500000)]
  0x00000291a3932000 JavaThread "build event listener" [_thread_blocked, id=4648, stack(0x000000c4e1700000,0x000000c4e1800000)]
  0x00000291a3933000 JavaThread "build event listener" [_thread_blocked, id=10372, stack(0x000000c4e1800000,0x000000c4e1900000)]
  0x00000291a3935800 JavaThread "Execution worker for ':'" [_thread_in_Java, id=4920, stack(0x000000c4e1900000,0x000000c4e1a00000)]
  0x00000291a41a6000 JavaThread "Execution worker for ':' Thread 2" [_thread_blocked, id=8224, stack(0x000000c4e1a00000,0x000000c4e1b00000)]
  0x00000291a41a9000 JavaThread "Execution worker for ':' Thread 3" [_thread_blocked, id=7808, stack(0x000000c4e1b00000,0x000000c4e1c00000)]
  0x00000291a41aa000 JavaThread "Cache worker for execution history cache (E:\LedgerO\LedgerO\.gradle\7.2\executionHistory)" [_thread_blocked, id=4652, stack(0x000000c4e1c00000,0x000000c4e1d00000)]

Other Threads:
  0x000002919da0b000 VMThread "VM Thread" [stack: 0x000000c4dc400000,0x000000c4dc500000] [id=5636]
  0x000002919e504800 WatcherThread [stack: 0x000000c4dce00000,0x000000c4dcf00000] [id=10224]
  0x0000029181ec4800 GCTaskThread "GC Thread#0" [stack: 0x000000c4dbf00000,0x000000c4dc000000] [id=10792]
  0x000002919e9fa800 GCTaskThread "GC Thread#1" [stack: 0x000000c4dd000000,0x000000c4dd100000] [id=7500]
  0x000002919e9d9000 GCTaskThread "GC Thread#2" [stack: 0x000000c4dd100000,0x000000c4dd200000] [id=2708]
  0x00000291a0745800 GCTaskThread "GC Thread#3" [stack: 0x000000c4ddb00000,0x000000c4ddc00000] [id=2932]
  0x0000029181ef6800 ConcurrentGCThread "G1 Main Marker" [stack: 0x000000c4dc000000,0x000000c4dc100000] [id=488]
=>0x0000029181ef8000 ConcurrentGCThread "G1 Conc#0" [stack: 0x000000c4dc100000,0x000000c4dc200000] [id=3668]
  0x0000029181f86800 ConcurrentGCThread "G1 Refine#0" [stack: 0x000000c4dc200000,0x000000c4dc300000] [id=8392]
  0x00000291a45a0800 ConcurrentGCThread "G1 Refine#1" [stack: 0x000000c4de000000,0x000000c4de100000] [id=440]
  0x0000029181f87800 ConcurrentGCThread "G1 Young RemSet Sampling" [stack: 0x000000c4dc300000,0x000000c4dc400000] [id=5792]

Threads with active compile tasks:
C2 CompilerThread04109172 22617   !   4       java.io.ObjectOutputStream::writeObject0 (619 bytes)
C2 CompilerThread14109172 22620       4       org.gradle.internal.snapshot.impl.DefaultValueSnapshotter::processValue (675 bytes)

VM state:not at safepoint (normal execution)

VM Mutex/Monitor currently owned by a thread: None

Heap address: 0x0000000080000000, size: 2048 MB, Compressed Oops mode: 32-bit
Narrow klass base: 0x0000000000000000, Narrow klass shift: 3
Compressed class space size: 1073741824 Address: 0x0000000100000000

Heap:
 garbage-first heap   total 225280K, used 126567K [0x0000000080000000, 0x0000000100000000)
  region size 1024K, 14 young (14336K), 7 survivors (7168K)
 Metaspace       used 119526K, capacity 123232K, committed 123324K, reserved 1157120K
  class space    used 15159K, capacity 16515K, committed 16536K, reserved 1048576K
Heap Regions: E=young(eden), S=young(survivor), O=old, HS=humongous(starts), HC=humongous(continues), CS=collection set, F=free, A=archive, TAMS=top-at-mark-start (previous, next)
|   0|0x0000000080000000, 0x0000000080100000, 0x0000000080100000|100%|HS|  |TAMS 0x0000000080100000, 0x0000000080100000| Complete 
|   1|0x0000000080100000, 0x0000000080200000, 0x0000000080200000|100%|HC|  |TAMS 0x0000000080200000, 0x0000000080200000| Complete 
|   2|0x0000000080200000, 0x0000000080300000, 0x0000000080300000|100%|HC|  |TAMS 0x0000000080300000, 0x0000000080300000| Complete 
|   3|0x0000000080300000, 0x0000000080400000, 0x0000000080400000|100%| O|  |TAMS 0x0000000080400000, 0x0000000080400000| Untracked 
|   4|0x0000000080400000, 0x0000000080500000, 0x0000000080500000|100%| O|  |TAMS 0x0000000080500000, 0x0000000080500000| Untracked 
|   5|0x0000000080500000, 0x0000000080600000, 0x0000000080600000|100%| O|  |TAMS 0x0000000080600000, 0x0000000080600000| Untracked 
|   6|0x0000000080600000, 0x0000000080700000, 0x0000000080700000|100%| O|  |TAMS 0x0000000080700000, 0x0000000080700000| Untracked 
|   7|0x0000000080700000, 0x0000000080800000, 0x0000000080800000|100%| O|  |TAMS 0x0000000080800000, 0x0000000080800000| Untracked 
|   8|0x0000000080800000, 0x0000000080900000, 0x0000000080900000|100%| O|  |TAMS 0x0000000080900000, 0x0000000080900000| Untracked 
|   9|0x0000000080900000, 0x0000000080a00000, 0x0000000080a00000|100%| O|  |TAMS 0x0000000080a00000, 0x0000000080a00000| Untracked 
|  10|0x0000000080a00000, 0x0000000080b00000, 0x0000000080b00000|100%| O|  |TAMS 0x0000000080b00000, 0x0000000080b00000| Untracked 
|  11|0x0000000080b00000, 0x0000000080c00000, 0x0000000080c00000|100%| O|  |TAMS 0x0000000080c00000, 0x0000000080c00000| Untracked 
|  12|0x0000000080c00000, 0x0000000080d00000, 0x0000000080d00000|100%| O|  |TAMS 0x0000000080d00000, 0x0000000080d00000| Untracked 
|  13|0x0000000080d00000, 0x0000000080e00000, 0x0000000080e00000|100%| O|  |TAMS 0x0000000080e00000, 0x0000000080e00000| Untracked 
|  14|0x0000000080e00000, 0x0000000080f00000, 0x0000000080f00000|100%| O|  |TAMS 0x0000000080f00000, 0x0000000080f00000| Untracked 
|  15|0x0000000080f00000, 0x0000000081000000, 0x0000000081000000|100%| O|  |TAMS 0x0000000081000000, 0x0000000081000000| Untracked 
|  16|0x0000000081000000, 0x0000000081100000, 0x0000000081100000|100%|HS|  |TAMS 0x0000000081100000, 0x0000000081100000| Complete 
|  17|0x0000000081100000, 0x0000000081200000, 0x0000000081200000|100%| O|  |TAMS 0x0000000081200000, 0x0000000081200000| Untracked 
|  18|0x0000000081200000, 0x0000000081300000, 0x0000000081300000|100%| O|  |TAMS 0x0000000081300000, 0x0000000081300000| Untracked 
|  19|0x0000000081300000, 0x0000000081400000, 0x0000000081400000|100%| O|  |TAMS 0x0000000081400000, 0x0000000081400000| Untracked 
|  20|0x0000000081400000, 0x0000000081500000, 0x0000000081500000|100%| O|  |TAMS 0x0000000081500000, 0x0000000081500000| Untracked 
|  21|0x0000000081500000, 0x0000000081600000, 0x0000000081600000|100%| O|  |TAMS 0x0000000081600000, 0x0000000081600000| Untracked 
|  22|0x0000000081600000, 0x0000000081700000, 0x0000000081700000|100%| O|  |TAMS 0x0000000081700000, 0x0000000081700000| Untracked 
|  23|0x0000000081700000, 0x0000000081800000, 0x0000000081800000|100%|HS|  |TAMS 0x0000000081800000, 0x0000000081800000| Complete 
|  24|0x0000000081800000, 0x0000000081900000, 0x0000000081900000|100%|HS|  |TAMS 0x0000000081900000, 0x0000000081900000| Complete 
|  25|0x0000000081900000, 0x0000000081a00000, 0x0000000081a00000|100%|HS|  |TAMS 0x0000000081a00000, 0x0000000081a00000| Complete 
|  26|0x0000000081a00000, 0x0000000081b00000, 0x0000000081b00000|100%|HS|  |TAMS 0x0000000081b00000, 0x0000000081b00000| Complete 
|  27|0x0000000081b00000, 0x0000000081c00000, 0x0000000081c00000|100%|HC|  |TAMS 0x0000000081c00000, 0x0000000081c00000| Complete 
|  28|0x0000000081c00000, 0x0000000081d00000, 0x0000000081d00000|100%|HC|  |TAMS 0x0000000081d00000, 0x0000000081d00000| Complete 
|  29|0x0000000081d00000, 0x0000000081e00000, 0x0000000081e00000|100%|HS|  |TAMS 0x0000000081e00000, 0x0000000081e00000| Complete 
|  30|0x0000000081e00000, 0x0000000081f00000, 0x0000000081f00000|100%|HC|  |TAMS 0x0000000081f00000, 0x0000000081f00000| Complete 
|  31|0x0000000081f00000, 0x0000000082000000, 0x0000000082000000|100%| O|  |TAMS 0x0000000082000000, 0x0000000082000000| Untracked 
|  32|0x0000000082000000, 0x0000000082100000, 0x0000000082100000|100%| O|  |TAMS 0x0000000082100000, 0x0000000082100000| Untracked 
|  33|0x0000000082100000, 0x0000000082200000, 0x0000000082200000|100%| O|  |TAMS 0x0000000082200000, 0x0000000082200000| Untracked 
|  34|0x0000000082200000, 0x0000000082300000, 0x0000000082300000|100%| O|  |TAMS 0x0000000082300000, 0x0000000082300000| Untracked 
|  35|0x0000000082300000, 0x0000000082400000, 0x0000000082400000|100%| O|  |TAMS 0x0000000082300000, 0x0000000082400000| Untracked 
|  36|0x0000000082400000, 0x0000000082500000, 0x0000000082500000|100%| O|  |TAMS 0x0000000082500000, 0x0000000082500000| Untracked 
|  37|0x0000000082500000, 0x0000000082600000, 0x0000000082600000|100%| O|  |TAMS 0x0000000082600000, 0x0000000082600000| Untracked 
|  38|0x0000000082600000, 0x0000000082700000, 0x0000000082700000|100%| O|  |TAMS 0x0000000082700000, 0x0000000082700000| Untracked 
|  39|0x0000000082700000, 0x0000000082800000, 0x0000000082800000|100%| O|  |TAMS 0x0000000082800000, 0x0000000082800000| Untracked 
|  40|0x0000000082800000, 0x0000000082900000, 0x0000000082900000|100%| O|  |TAMS 0x0000000082900000, 0x0000000082900000| Untracked 
|  41|0x0000000082900000, 0x0000000082a00000, 0x0000000082a00000|100%| O|  |TAMS 0x0000000082a00000, 0x0000000082a00000| Untracked 
|  42|0x0000000082a00000, 0x0000000082b00000, 0x0000000082b00000|100%| O|  |TAMS 0x0000000082b00000, 0x0000000082b00000| Untracked 
|  43|0x0000000082b00000, 0x0000000082c00000, 0x0000000082c00000|100%| O|  |TAMS 0x0000000082c00000, 0x0000000082c00000| Untracked 
|  44|0x0000000082c00000, 0x0000000082d00000, 0x0000000082d00000|100%| O|  |TAMS 0x0000000082d00000, 0x0000000082d00000| Untracked 
|  45|0x0000000082d00000, 0x0000000082e00000, 0x0000000082e00000|100%| O|  |TAMS 0x0000000082e00000, 0x0000000082e00000| Untracked 
|  46|0x0000000082e00000, 0x0000000082f00000, 0x0000000082f00000|100%| O|  |TAMS 0x0000000082f00000, 0x0000000082f00000| Untracked 
|  47|0x0000000082f00000, 0x0000000083000000, 0x0000000083000000|100%| O|  |TAMS 0x0000000082f00000, 0x0000000083000000| Untracked 
|  48|0x0000000083000000, 0x0000000083000000, 0x0000000083100000|  0%| F|  |TAMS 0x0000000083000000, 0x0000000083000000| Untracked 
|  49|0x0000000083100000, 0x0000000083200000, 0x0000000083200000|100%| O|  |TAMS 0x0000000083200000, 0x0000000083200000| Untracked 
|  50|0x0000000083200000, 0x0000000083300000, 0x0000000083300000|100%| O|  |TAMS 0x0000000083300000, 0x0000000083300000| Untracked 
|  51|0x0000000083300000, 0x0000000083400000, 0x0000000083400000|100%| O|  |TAMS 0x0000000083400000, 0x0000000083400000| Untracked 
|  52|0x0000000083400000, 0x0000000083500000, 0x0000000083500000|100%| O|  |TAMS 0x0000000083500000, 0x0000000083500000| Untracked 
|  53|0x0000000083500000, 0x0000000083600000, 0x0000000083600000|100%| O|  |TAMS 0x0000000083600000, 0x0000000083600000| Untracked 
|  54|0x0000000083600000, 0x0000000083700000, 0x0000000083700000|100%| O|  |TAMS 0x0000000083600000, 0x0000000083700000| Untracked 
|  55|0x0000000083700000, 0x0000000083800000, 0x0000000083800000|100%| O|  |TAMS 0x0000000083800000, 0x0000000083800000| Untracked 
|  56|0x0000000083800000, 0x0000000083900000, 0x0000000083900000|100%| O|  |TAMS 0x0000000083900000, 0x0000000083900000| Untracked 
|  57|0x0000000083900000, 0x0000000083a00000, 0x0000000083a00000|100%| O|  |TAMS 0x0000000083a00000, 0x0000000083a00000| Untracked 
|  58|0x0000000083a00000, 0x0000000083a00000, 0x0000000083b00000|  0%| F|  |TAMS 0x0000000083a00000, 0x0000000083a00000| Untracked 
|  59|0x0000000083b00000, 0x0000000083b00000, 0x0000000083c00000|  0%| F|  |TAMS 0x0000000083b00000, 0x0000000083b00000| Untracked 
|  60|0x0000000083c00000, 0x0000000083d00000, 0x0000000083d00000|100%| O|  |TAMS 0x0000000083d00000, 0x0000000083d00000| Untracked 
|  61|0x0000000083d00000, 0x0000000083d00000, 0x0000000083e00000|  0%| F|  |TAMS 0x0000000083d00000, 0x0000000083d00000| Untracked 
|  62|0x0000000083e00000, 0x0000000083f00000, 0x0000000083f00000|100%| O|  |TAMS 0x0000000083f00000, 0x0000000083f00000| Untracked 
|  63|0x0000000083f00000, 0x0000000084000000, 0x0000000084000000|100%| O|  |TAMS 0x0000000084000000, 0x0000000084000000| Untracked 
|  64|0x0000000084000000, 0x0000000084100000, 0x0000000084100000|100%| O|  |TAMS 0x0000000084100000, 0x0000000084100000| Untracked 
|  65|0x0000000084100000, 0x0000000084200000, 0x0000000084200000|100%| O|  |TAMS 0x0000000084200000, 0x0000000084200000| Untracked 
|  66|0x0000000084200000, 0x0000000084300000, 0x0000000084300000|100%| O|  |TAMS 0x0000000084240200, 0x0000000084300000| Untracked 
|  67|0x0000000084300000, 0x0000000084400000, 0x0000000084400000|100%| O|  |TAMS 0x0000000084400000, 0x0000000084400000| Untracked 
|  68|0x0000000084400000, 0x0000000084500000, 0x0000000084500000|100%| O|  |TAMS 0x0000000084500000, 0x0000000084500000| Untracked 
|  69|0x0000000084500000, 0x0000000084600000, 0x0000000084600000|100%| O|  |TAMS 0x0000000084600000, 0x0000000084600000| Untracked 
|  70|0x0000000084600000, 0x0000000084700000, 0x0000000084700000|100%| O|  |TAMS 0x0000000084700000, 0x0000000084700000| Untracked 
|  71|0x0000000084700000, 0x0000000084800000, 0x0000000084800000|100%| O|  |TAMS 0x0000000084800000, 0x0000000084800000| Untracked 
|  72|0x0000000084800000, 0x0000000084900000, 0x0000000084900000|100%| O|  |TAMS 0x0000000084900000, 0x0000000084900000| Untracked 
|  73|0x0000000084900000, 0x0000000084a00000, 0x0000000084a00000|100%| O|  |TAMS 0x0000000084a00000, 0x0000000084a00000| Untracked 
|  74|0x0000000084a00000, 0x0000000084b00000, 0x0000000084b00000|100%| O|  |TAMS 0x0000000084b00000, 0x0000000084b00000| Untracked 
|  75|0x0000000084b00000, 0x0000000084c00000, 0x0000000084c00000|100%| O|  |TAMS 0x0000000084c00000, 0x0000000084c00000| Untracked 
|  76|0x0000000084c00000, 0x0000000084d00000, 0x0000000084d00000|100%| O|  |TAMS 0x0000000084d00000, 0x0000000084d00000| Untracked 
|  77|0x0000000084d00000, 0x0000000084e00000, 0x0000000084e00000|100%| O|  |TAMS 0x0000000084e00000, 0x0000000084e00000| Untracked 
|  78|0x0000000084e00000, 0x0000000084f00000, 0x0000000084f00000|100%| O|  |TAMS 0x0000000084f00000, 0x0000000084f00000| Untracked 
|  79|0x0000000084f00000, 0x0000000085000000, 0x0000000085000000|100%| O|  |TAMS 0x0000000085000000, 0x0000000085000000| Untracked 
|  80|0x0000000085000000, 0x0000000085100000, 0x0000000085100000|100%| O|  |TAMS 0x0000000085100000, 0x0000000085100000| Untracked 
|  81|0x0000000085100000, 0x0000000085200000, 0x0000000085200000|100%| O|  |TAMS 0x0000000085200000, 0x0000000085200000| Untracked 
|  82|0x0000000085200000, 0x0000000085300000, 0x0000000085300000|100%| O|  |TAMS 0x0000000085300000, 0x0000000085300000| Untracked 
|  83|0x0000000085300000, 0x0000000085300000, 0x0000000085400000|  0%| F|  |TAMS 0x0000000085300000, 0x0000000085300000| Untracked 
|  84|0x0000000085400000, 0x0000000085500000, 0x0000000085500000|100%| O|  |TAMS 0x0000000085500000, 0x0000000085500000| Untracked 
|  85|0x0000000085500000, 0x0000000085500000, 0x0000000085600000|  0%| F|  |TAMS 0x0000000085500000, 0x0000000085500000| Untracked 
|  86|0x0000000085600000, 0x0000000085600000, 0x0000000085700000|  0%| F|  |TAMS 0x0000000085600000, 0x0000000085600000| Untracked 
|  87|0x0000000085700000, 0x0000000085800000, 0x0000000085800000|100%| O|  |TAMS 0x0000000085800000, 0x0000000085800000| Untracked 
|  88|0x0000000085800000, 0x0000000085900000, 0x0000000085900000|100%| O|  |TAMS 0x0000000085900000, 0x0000000085900000| Untracked 
|  89|0x0000000085900000, 0x0000000085a00000, 0x0000000085a00000|100%| O|  |TAMS 0x0000000085a00000, 0x0000000085a00000| Untracked 
|  90|0x0000000085a00000, 0x0000000085a00000, 0x0000000085b00000|  0%| F|  |TAMS 0x0000000085a00000, 0x0000000085a00000| Untracked 
|  91|0x0000000085b00000, 0x0000000085c00000, 0x0000000085c00000|100%| O|  |TAMS 0x0000000085c00000, 0x0000000085c00000| Untracked 
|  92|0x0000000085c00000, 0x0000000085d00000, 0x0000000085d00000|100%| O|  |TAMS 0x0000000085d00000, 0x0000000085d00000| Untracked 
|  93|0x0000000085d00000, 0x0000000085e00000, 0x0000000085e00000|100%| O|  |TAMS 0x0000000085e00000, 0x0000000085e00000| Untracked 
|  94|0x0000000085e00000, 0x0000000085e00000, 0x0000000085f00000|  0%| F|  |TAMS 0x0000000085e00000, 0x0000000085e00000| Untracked 
|  95|0x0000000085f00000, 0x0000000085f00000, 0x0000000086000000|  0%| F|  |TAMS 0x0000000085f00000, 0x0000000085f00000| Untracked 
|  96|0x0000000086000000, 0x0000000086100000, 0x0000000086100000|100%| O|  |TAMS 0x0000000086100000, 0x0000000086100000| Untracked 
|  97|0x0000000086100000, 0x0000000086200000, 0x0000000086200000|100%| O|  |TAMS 0x0000000086100000, 0x0000000086200000| Untracked 
|  98|0x0000000086200000, 0x0000000086300000, 0x0000000086300000|100%| O|  |TAMS 0x0000000086300000, 0x0000000086300000| Untracked 
|  99|0x0000000086300000, 0x0000000086300000, 0x0000000086400000|  0%| F|  |TAMS 0x0000000086300000, 0x0000000086300000| Untracked 
| 100|0x0000000086400000, 0x0000000086500000, 0x0000000086500000|100%| O|  |TAMS 0x0000000086500000, 0x0000000086500000| Untracked 
| 101|0x0000000086500000, 0x0000000086600000, 0x0000000086600000|100%| O|  |TAMS 0x0000000086600000, 0x0000000086600000| Untracked 
| 102|0x0000000086600000, 0x0000000086600000, 0x0000000086700000|  0%| F|  |TAMS 0x0000000086600000, 0x0000000086600000| Untracked 
| 103|0x0000000086700000, 0x0000000086700000, 0x0000000086800000|  0%| F|  |TAMS 0x0000000086700000, 0x0000000086700000| Untracked 
| 104|0x0000000086800000, 0x0000000086800000, 0x0000000086900000|  0%| F|  |TAMS 0x0000000086800000, 0x0000000086800000| Untracked 
| 105|0x0000000086900000, 0x0000000086a00000, 0x0000000086a00000|100%| O|  |TAMS 0x0000000086a00000, 0x0000000086a00000| Untracked 
| 106|0x0000000086a00000, 0x0000000086b00000, 0x0000000086b00000|100%| O|  |TAMS 0x0000000086a00000, 0x0000000086b00000| Untracked 
| 107|0x0000000086b00000, 0x0000000086b00000, 0x0000000086c00000|  0%| F|  |TAMS 0x0000000086b00000, 0x0000000086b00000| Untracked 
| 108|0x0000000086c00000, 0x0000000086d00000, 0x0000000086d00000|100%| O|  |TAMS 0x0000000086d00000, 0x0000000086d00000| Untracked 
| 109|0x0000000086d00000, 0x0000000086e00000, 0x0000000086e00000|100%| O|  |TAMS 0x0000000086e00000, 0x0000000086e00000| Untracked 
| 110|0x0000000086e00000, 0x0000000086f00000, 0x0000000086f00000|100%| O|  |TAMS 0x0000000086f00000, 0x0000000086f00000| Untracked 
| 111|0x0000000086f00000, 0x0000000087000000, 0x0000000087000000|100%| O|  |TAMS 0x0000000087000000, 0x0000000087000000| Untracked 
| 112|0x0000000087000000, 0x0000000087000000, 0x0000000087100000|  0%| F|  |TAMS 0x0000000087000000, 0x0000000087000000| Untracked 
| 113|0x0000000087100000, 0x0000000087100000, 0x0000000087200000|  0%| F|  |TAMS 0x0000000087100000, 0x0000000087100000| Untracked 
| 114|0x0000000087200000, 0x0000000087300000, 0x0000000087300000|100%| O|  |TAMS 0x0000000087200000, 0x0000000087300000| Untracked 
| 115|0x0000000087300000, 0x0000000087300000, 0x0000000087400000|  0%| F|  |TAMS 0x0000000087300000, 0x0000000087300000| Untracked 
| 116|0x0000000087400000, 0x0000000087500000, 0x0000000087500000|100%| O|  |TAMS 0x0000000087500000, 0x0000000087500000| Untracked 
| 117|0x0000000087500000, 0x0000000087600000, 0x0000000087600000|100%| O|  |TAMS 0x0000000087500000, 0x0000000087600000| Untracked 
| 118|0x0000000087600000, 0x0000000087700000, 0x0000000087700000|100%| O|  |TAMS 0x0000000087700000, 0x0000000087700000| Untracked 
| 119|0x0000000087700000, 0x0000000087800000, 0x0000000087800000|100%| O|  |TAMS 0x0000000087800000, 0x0000000087800000| Untracked 
| 120|0x0000000087800000, 0x0000000087800000, 0x0000000087900000|  0%| F|  |TAMS 0x0000000087800000, 0x0000000087800000| Untracked 
| 121|0x0000000087900000, 0x0000000087a00000, 0x0000000087a00000|100%| O|  |TAMS 0x0000000087a00000, 0x0000000087a00000| Untracked 
| 122|0x0000000087a00000, 0x0000000087b00000, 0x0000000087b00000|100%| O|  |TAMS 0x0000000087b00000, 0x0000000087b00000| Untracked 
| 123|0x0000000087b00000, 0x0000000087c00000, 0x0000000087c00000|100%| O|  |TAMS 0x0000000087c00000, 0x0000000087c00000| Untracked 
| 124|0x0000000087c00000, 0x0000000087c00000, 0x0000000087d00000|  0%| F|  |TAMS 0x0000000087c00000, 0x0000000087c00000| Untracked 
| 125|0x0000000087d00000, 0x0000000087d00000, 0x0000000087e00000|  0%| F|  |TAMS 0x0000000087d00000, 0x0000000087d00000| Untracked 
| 126|0x0000000087e00000, 0x0000000087e00000, 0x0000000087f00000|  0%| F|  |TAMS 0x0000000087e00000, 0x0000000087e00000| Untracked 
| 127|0x0000000087f00000, 0x0000000087f00000, 0x0000000088000000|  0%| F|  |TAMS 0x0000000087f00000, 0x0000000087f00000| Untracked 
| 128|0x0000000088000000, 0x0000000088000000, 0x0000000088100000|  0%| F|  |TAMS 0x0000000088000000, 0x0000000088000000| Untracked 
| 129|0x0000000088100000, 0x0000000088200000, 0x0000000088200000|100%| O|  |TAMS 0x0000000088200000, 0x0000000088200000| Untracked 
| 130|0x0000000088200000, 0x0000000088200000, 0x0000000088300000|  0%| F|  |TAMS 0x0000000088200000, 0x0000000088200000| Untracked 
| 131|0x0000000088300000, 0x0000000088400000, 0x0000000088400000|100%| O|  |TAMS 0x0000000088400000, 0x0000000088400000| Untracked 
| 132|0x0000000088400000, 0x0000000088400000, 0x0000000088500000|  0%| F|  |TAMS 0x0000000088400000, 0x0000000088400000| Untracked 
| 133|0x0000000088500000, 0x0000000088600000, 0x0000000088600000|100%| O|  |TAMS 0x0000000088600000, 0x0000000088600000| Untracked 
| 134|0x0000000088600000, 0x0000000088600000, 0x0000000088700000|  0%| F|  |TAMS 0x0000000088600000, 0x0000000088600000| Untracked 
| 135|0x0000000088700000, 0x0000000088700000, 0x0000000088800000|  0%| F|  |TAMS 0x0000000088700000, 0x0000000088700000| Untracked 
| 136|0x0000000088800000, 0x0000000088800000, 0x0000000088900000|  0%| F|  |TAMS 0x0000000088800000, 0x0000000088800000| Untracked 
| 137|0x0000000088900000, 0x0000000088900000, 0x0000000088a00000|  0%| F|  |TAMS 0x0000000088900000, 0x0000000088900000| Untracked 
| 138|0x0000000088a00000, 0x0000000088a00000, 0x0000000088b00000|  0%| F|  |TAMS 0x0000000088a00000, 0x0000000088a00000| Untracked 
| 139|0x0000000088b00000, 0x0000000088b00000, 0x0000000088c00000|  0%| F|  |TAMS 0x0000000088b00000, 0x0000000088b00000| Untracked 
| 140|0x0000000088c00000, 0x0000000088c00000, 0x0000000088d00000|  0%| F|  |TAMS 0x0000000088c00000, 0x0000000088c00000| Untracked 
| 141|0x0000000088d00000, 0x0000000088d00000, 0x0000000088e00000|  0%| F|  |TAMS 0x0000000088d00000, 0x0000000088d00000| Untracked 
| 142|0x0000000088e00000, 0x0000000088e00000, 0x0000000088f00000|  0%| F|  |TAMS 0x0000000088e00000, 0x0000000088e00000| Untracked 
| 143|0x0000000088f00000, 0x0000000088f00000, 0x0000000089000000|  0%| F|  |TAMS 0x0000000088f00000, 0x0000000088f00000| Untracked 
| 144|0x0000000089000000, 0x0000000089000000, 0x0000000089100000|  0%| F|  |TAMS 0x0000000089000000, 0x0000000089000000| Untracked 
| 145|0x0000000089100000, 0x0000000089100000, 0x0000000089200000|  0%| F|  |TAMS 0x0000000089100000, 0x0000000089100000| Untracked 
| 146|0x0000000089200000, 0x0000000089300000, 0x0000000089300000|100%| O|  |TAMS 0x0000000089200000, 0x0000000089300000| Untracked 
| 147|0x0000000089300000, 0x0000000089400000, 0x0000000089400000|100%| O|  |TAMS 0x0000000089300000, 0x0000000089400000| Untracked 
| 148|0x0000000089400000, 0x0000000089500000, 0x0000000089500000|100%| O|  |TAMS 0x0000000089400000, 0x0000000089500000| Untracked 
| 149|0x0000000089500000, 0x0000000089500000, 0x0000000089600000|  0%| F|  |TAMS 0x0000000089500000, 0x0000000089500000| Untracked 
| 150|0x0000000089600000, 0x0000000089600000, 0x0000000089700000|  0%| F|  |TAMS 0x0000000089600000, 0x0000000089600000| Untracked 
| 151|0x0000000089700000, 0x0000000089700000, 0x0000000089800000|  0%| F|  |TAMS 0x0000000089700000, 0x0000000089700000| Untracked 
| 152|0x0000000089800000, 0x0000000089800000, 0x0000000089900000|  0%| F|  |TAMS 0x0000000089800000, 0x0000000089800000| Untracked 
| 153|0x0000000089900000, 0x0000000089900000, 0x0000000089a00000|  0%| F|  |TAMS 0x0000000089900000, 0x0000000089900000| Untracked 
| 154|0x0000000089a00000, 0x0000000089a00000, 0x0000000089b00000|  0%| F|  |TAMS 0x0000000089a00000, 0x0000000089a00000| Untracked 
| 155|0x0000000089b00000, 0x0000000089b00000, 0x0000000089c00000|  0%| F|  |TAMS 0x0000000089b00000, 0x0000000089b00000| Untracked 
| 156|0x0000000089c00000, 0x0000000089c00000, 0x0000000089d00000|  0%| F|  |TAMS 0x0000000089c00000, 0x0000000089c00000| Untracked 
| 157|0x0000000089d00000, 0x0000000089d00000, 0x0000000089e00000|  0%| F|  |TAMS 0x0000000089d00000, 0x0000000089d00000| Untracked 
| 158|0x0000000089e00000, 0x0000000089e99ed0, 0x0000000089f00000| 60%| S|CS|TAMS 0x0000000089e00000, 0x0000000089e00000| Complete 
| 159|0x0000000089f00000, 0x000000008a000000, 0x000000008a000000|100%| S|CS|TAMS 0x0000000089f00000, 0x0000000089f00000| Complete 
| 160|0x000000008a000000, 0x000000008a100000, 0x000000008a100000|100%| S|CS|TAMS 0x000000008a000000, 0x000000008a000000| Complete 
| 161|0x000000008a100000, 0x000000008a200000, 0x000000008a200000|100%| S|CS|TAMS 0x000000008a100000, 0x000000008a100000| Complete 
| 162|0x000000008a200000, 0x000000008a300000, 0x000000008a300000|100%| S|CS|TAMS 0x000000008a200000, 0x000000008a200000| Complete 
| 163|0x000000008a300000, 0x000000008a400000, 0x000000008a400000|100%| S|CS|TAMS 0x000000008a300000, 0x000000008a300000| Complete 
| 164|0x000000008a400000, 0x000000008a500000, 0x000000008a500000|100%| S|CS|TAMS 0x000000008a400000, 0x000000008a400000| Complete 
| 165|0x000000008a500000, 0x000000008a500000, 0x000000008a600000|  0%| F|  |TAMS 0x000000008a500000, 0x000000008a500000| Untracked 
| 166|0x000000008a600000, 0x000000008a600000, 0x000000008a700000|  0%| F|  |TAMS 0x000000008a600000, 0x000000008a600000| Untracked 
| 167|0x000000008a700000, 0x000000008a700000, 0x000000008a800000|  0%| F|  |TAMS 0x000000008a700000, 0x000000008a700000| Untracked 
| 168|0x000000008a800000, 0x000000008a800000, 0x000000008a900000|  0%| F|  |TAMS 0x000000008a800000, 0x000000008a800000| Untracked 
| 169|0x000000008a900000, 0x000000008a900000, 0x000000008aa00000|  0%| F|  |TAMS 0x000000008a900000, 0x000000008a900000| Untracked 
| 170|0x000000008aa00000, 0x000000008aa00000, 0x000000008ab00000|  0%| F|  |TAMS 0x000000008aa00000, 0x000000008aa00000| Untracked 
| 171|0x000000008ab00000, 0x000000008ab00000, 0x000000008ac00000|  0%| F|  |TAMS 0x000000008ab00000, 0x000000008ab00000| Untracked 
| 172|0x000000008ac00000, 0x000000008ac00000, 0x000000008ad00000|  0%| F|  |TAMS 0x000000008ac00000, 0x000000008ac00000| Untracked 
| 173|0x000000008ad00000, 0x000000008ad00000, 0x000000008ae00000|  0%| F|  |TAMS 0x000000008ad00000, 0x000000008ad00000| Untracked 
| 174|0x000000008ae00000, 0x000000008ae00000, 0x000000008af00000|  0%| F|  |TAMS 0x000000008ae00000, 0x000000008ae00000| Untracked 
| 175|0x000000008af00000, 0x000000008af00000, 0x000000008b000000|  0%| F|  |TAMS 0x000000008af00000, 0x000000008af00000| Untracked 
| 176|0x000000008b000000, 0x000000008b000000, 0x000000008b100000|  0%| F|  |TAMS 0x000000008b000000, 0x000000008b000000| Untracked 
| 177|0x000000008b100000, 0x000000008b100000, 0x000000008b200000|  0%| F|  |TAMS 0x000000008b100000, 0x000000008b100000| Untracked 
| 178|0x000000008b200000, 0x000000008b200000, 0x000000008b300000|  0%| F|  |TAMS 0x000000008b200000, 0x000000008b200000| Untracked 
| 179|0x000000008b300000, 0x000000008b300000, 0x000000008b400000|  0%| F|  |TAMS 0x000000008b300000, 0x000000008b300000| Untracked 
| 180|0x000000008b400000, 0x000000008b400000, 0x000000008b500000|  0%| F|  |TAMS 0x000000008b400000, 0x000000008b400000| Untracked 
| 181|0x000000008b500000, 0x000000008b500000, 0x000000008b600000|  0%| F|  |TAMS 0x000000008b500000, 0x000000008b500000| Untracked 
| 182|0x000000008b600000, 0x000000008b600000, 0x000000008b700000|  0%| F|  |TAMS 0x000000008b600000, 0x000000008b600000| Untracked 
| 183|0x000000008b700000, 0x000000008b700000, 0x000000008b800000|  0%| F|  |TAMS 0x000000008b700000, 0x000000008b700000| Untracked 
| 184|0x000000008b800000, 0x000000008b800000, 0x000000008b900000|  0%| F|  |TAMS 0x000000008b800000, 0x000000008b800000| Untracked 
| 185|0x000000008b900000, 0x000000008b900000, 0x000000008ba00000|  0%| F|  |TAMS 0x000000008b900000, 0x000000008b900000| Untracked 
| 186|0x000000008ba00000, 0x000000008ba00000, 0x000000008bb00000|  0%| F|  |TAMS 0x000000008ba00000, 0x000000008ba00000| Untracked 
| 187|0x000000008bb00000, 0x000000008bb00000, 0x000000008bc00000|  0%| F|  |TAMS 0x000000008bb00000, 0x000000008bb00000| Untracked 
| 188|0x000000008bc00000, 0x000000008bc00000, 0x000000008bd00000|  0%| F|  |TAMS 0x000000008bc00000, 0x000000008bc00000| Untracked 
| 189|0x000000008bd00000, 0x000000008bd00000, 0x000000008be00000|  0%| F|  |TAMS 0x000000008bd00000, 0x000000008bd00000| Untracked 
| 190|0x000000008be00000, 0x000000008be00000, 0x000000008bf00000|  0%| F|  |TAMS 0x000000008be00000, 0x000000008be00000| Untracked 
| 191|0x000000008bf00000, 0x000000008bf00000, 0x000000008c000000|  0%| F|  |TAMS 0x000000008bf00000, 0x000000008bf00000| Untracked 
| 192|0x000000008c000000, 0x000000008c000000, 0x000000008c100000|  0%| F|  |TAMS 0x000000008c000000, 0x000000008c000000| Untracked 
| 193|0x000000008c100000, 0x000000008c100000, 0x000000008c200000|  0%| F|  |TAMS 0x000000008c100000, 0x000000008c100000| Untracked 
| 194|0x000000008c200000, 0x000000008c200000, 0x000000008c300000|  0%| F|  |TAMS 0x000000008c200000, 0x000000008c200000| Untracked 
| 195|0x000000008c300000, 0x000000008c300000, 0x000000008c400000|  0%| F|  |TAMS 0x000000008c300000, 0x000000008c300000| Untracked 
| 196|0x000000008c400000, 0x000000008c400000, 0x000000008c500000|  0%| F|  |TAMS 0x000000008c400000, 0x000000008c400000| Untracked 
| 197|0x000000008c500000, 0x000000008c500000, 0x000000008c600000|  0%| F|  |TAMS 0x000000008c500000, 0x000000008c500000| Untracked 
| 198|0x000000008c600000, 0x000000008c600000, 0x000000008c700000|  0%| F|  |TAMS 0x000000008c600000, 0x000000008c600000| Untracked 
| 199|0x000000008c700000, 0x000000008c700000, 0x000000008c800000|  0%| F|  |TAMS 0x000000008c700000, 0x000000008c700000| Untracked 
| 200|0x000000008c800000, 0x000000008c800000, 0x000000008c900000|  0%| F|  |TAMS 0x000000008c800000, 0x000000008c800000| Untracked 
| 201|0x000000008c900000, 0x000000008c900000, 0x000000008ca00000|  0%| F|  |TAMS 0x000000008c900000, 0x000000008c900000| Untracked 
| 202|0x000000008ca00000, 0x000000008ca00000, 0x000000008cb00000|  0%| F|  |TAMS 0x000000008ca00000, 0x000000008ca00000| Untracked 
| 203|0x000000008cb00000, 0x000000008cb00000, 0x000000008cc00000|  0%| F|  |TAMS 0x000000008cb00000, 0x000000008cb00000| Untracked 
| 204|0x000000008cc00000, 0x000000008cc00000, 0x000000008cd00000|  0%| F|  |TAMS 0x000000008cc00000, 0x000000008cc00000| Untracked 
| 205|0x000000008cd00000, 0x000000008cd00000, 0x000000008ce00000|  0%| F|  |TAMS 0x000000008cd00000, 0x000000008cd00000| Untracked 
| 206|0x000000008ce00000, 0x000000008ce00000, 0x000000008cf00000|  0%| F|  |TAMS 0x000000008ce00000, 0x000000008ce00000| Untracked 
| 207|0x000000008cf00000, 0x000000008cf00000, 0x000000008d000000|  0%| F|  |TAMS 0x000000008cf00000, 0x000000008cf00000| Untracked 
| 208|0x000000008d000000, 0x000000008d000000, 0x000000008d100000|  0%| F|  |TAMS 0x000000008d000000, 0x000000008d000000| Untracked 
| 209|0x000000008d100000, 0x000000008d100000, 0x000000008d200000|  0%| F|  |TAMS 0x000000008d100000, 0x000000008d100000| Untracked 
| 210|0x000000008d200000, 0x000000008d200000, 0x000000008d300000|  0%| F|  |TAMS 0x000000008d200000, 0x000000008d200000| Untracked 
| 211|0x000000008d300000, 0x000000008d300000, 0x000000008d400000|  0%| F|  |TAMS 0x000000008d300000, 0x000000008d300000| Untracked 
| 212|0x000000008d400000, 0x000000008d400000, 0x000000008d500000|  0%| F|  |TAMS 0x000000008d400000, 0x000000008d400000| Untracked 
| 213|0x000000008d500000, 0x000000008d5a6488, 0x000000008d600000| 64%| E|  |TAMS 0x000000008d500000, 0x000000008d500000| Complete 
| 214|0x000000008d600000, 0x000000008d700000, 0x000000008d700000|100%| E|CS|TAMS 0x000000008d600000, 0x000000008d600000| Complete 
| 215|0x000000008d700000, 0x000000008d800000, 0x000000008d800000|100%| E|CS|TAMS 0x000000008d700000, 0x000000008d700000| Complete 
| 216|0x000000008d800000, 0x000000008d900000, 0x000000008d900000|100%| E|CS|TAMS 0x000000008d800000, 0x000000008d800000| Complete 
| 217|0x000000008d900000, 0x000000008da00000, 0x000000008da00000|100%| E|CS|TAMS 0x000000008d900000, 0x000000008d900000| Complete 
| 218|0x000000008da00000, 0x000000008db00000, 0x000000008db00000|100%| E|CS|TAMS 0x000000008da00000, 0x000000008da00000| Complete 
| 219|0x000000008db00000, 0x000000008dc00000, 0x000000008dc00000|100%| E|CS|TAMS 0x000000008db00000, 0x000000008db00000| Complete 

Card table byte_map: [0x0000029196bd0000,0x0000029196fd0000] _byte_map_base: 0x00000291967d0000

Marking Bits (Prev, Next): (CMBitMap*) 0x0000029181eedaa0, (CMBitMap*) 0x0000029181eeda68
 Prev Bits: [0x00000291993d0000, 0x000002919b3d0000)
 Next Bits: [0x00000291973d0000, 0x00000291993d0000)

Polling page: 0x0000029181f90000

Metaspace:

Usage:
  Non-class:    104.22 MB capacity,   101.92 MB ( 98%) used,     1.87 MB (  2%) free+waste,   439.19 KB ( <1%) overhead. 
      Class:     16.13 MB capacity,    14.80 MB ( 92%) used,     1.14 MB (  7%) free+waste,   192.19 KB (  1%) overhead. 
       Both:    120.34 MB capacity,   116.73 MB ( 97%) used,     3.00 MB (  2%) free+waste,   631.38 KB ( <1%) overhead. 

Virtual space:
  Non-class space:      106.00 MB reserved,     104.29 MB ( 98%) committed 
      Class space:        1.00 GB reserved,      16.15 MB (  2%) committed 
             Both:        1.10 GB reserved,     120.43 MB ( 11%) committed 

Chunk freelists:
   Non-Class:  7.00 KB
       Class:  0 bytes
        Both:  7.00 KB

MaxMetaspaceSize: 17179869184.00 GB
CompressedClassSpaceSize: 1.00 GB
Initial GC threshold: 20.80 MB
Current GC threshold: 196.14 MB
CDS: off

CodeHeap 'non-profiled nmethods': size=120064Kb used=15555Kb max_used=15555Kb free=104508Kb
 bounds [0x000002918ec50000, 0x000002918fb90000, 0x0000029196190000]
CodeHeap 'profiled nmethods': size=120000Kb used=46598Kb max_used=46598Kb free=73401Kb
 bounds [0x0000029187720000, 0x000002918a4b0000, 0x000002918ec50000]
CodeHeap 'non-nmethods': size=5696Kb used=2468Kb max_used=2516Kb free=3227Kb
 bounds [0x0000029187190000, 0x0000029187420000, 0x0000029187720000]
 total_blobs=21802 nmethods=20805 adapters=908
 compilation: enabled
              stopped_count=0, restarted_count=0
 full_count=0

Compilation events (20 events):
Event: 4108.895 Thread 0x00000291a057a000 nmethod 22584 0x000002918fb77610 code [0x000002918fb777a0, 0x000002918fb77818]
Event: 4108.901 Thread 0x00000291a057a000 22611       4       org.gradle.internal.FileUtils::normalize (52 bytes)
Event: 4108.934 Thread 0x00000291a057a000 nmethod 22611 0x000002918fb77910 code [0x000002918fb77b40, 0x000002918fb78590]
Event: 4108.935 Thread 0x00000291a057a000 22612 %     4       java.net.URI::decode @ 82 (380 bytes)
Event: 4108.954 Thread 0x000002919da30800 nmethod 22459 0x000002918fb78c90 code [0x000002918fb78f40, 0x000002918fb7ad98]
Event: 4108.958 Thread 0x000002919da30800 22613       4       org.gradle.api.internal.file.AbstractFileResolver::validate (184 bytes)
Event: 4108.959 Thread 0x000002919da30800 nmethod 22613 0x000002918fb7bf90 code [0x000002918fb7c120, 0x000002918fb7c1d8]
Event: 4108.959 Thread 0x000002919da30800 22614       4       org.gradle.api.internal.file.AbstractFileResolver::convertObjectToFile (55 bytes)
Event: 4108.970 Thread 0x000002919da30800 nmethod 22614 0x000002918fb7c310 code [0x000002918fb7c500, 0x000002918fb7c998]
Event: 4108.971 Thread 0x000002919da37000 22615       3       java.util.List::spliterator (23 bytes)
Event: 4108.972 Thread 0x000002919da37000 nmethod 22615 0x000002918a4a0010 code [0x000002918a4a0200, 0x000002918a4a0738]
Event: 4108.972 Thread 0x000002919da37000 22616       3       org.gradle.internal.dispatch.ProxyDispatchAdapter$DispatchingInvocationHandler::<init> (7 bytes)
Event: 4108.972 Thread 0x000002919da37000 nmethod 22616 0x000002918a4a0890 code [0x000002918a4a0a60, 0x000002918a4a0cd8]
Event: 4108.977 Thread 0x000002919da30800 22617   !   4       java.io.ObjectOutputStream::writeObject0 (619 bytes)
Event: 4109.047 Thread 0x00000291a057a000 nmethod 22612% 0x000002918fb7cd90 code [0x000002918fb7d080, 0x000002918fb7f120]
Event: 4109.049 Thread 0x000002919da37000 22618       3       org.gradle.api.internal.artifacts.ivyservice.resolutionstrategy.DefaultResolutionStrategy_Decorated::getConflictResolution (39 bytes)
Event: 4109.052 Thread 0x000002919da37000 nmethod 22618 0x000002918a4a0e10 code [0x000002918a4a1040, 0x000002918a4a1708]
Event: 4109.064 Thread 0x00000291a057a000 22619       4       org.gradle.internal.snapshot.impl.DefaultValueSnapshotter$ValueSnapshotVisitor::hashCode (6 bytes)
Event: 4109.066 Thread 0x00000291a057a000 nmethod 22619 0x000002918fb80b10 code [0x000002918fb80ca0, 0x000002918fb80df8]
Event: 4109.067 Thread 0x00000291a057a000 22620       4       org.gradle.internal.snapshot.impl.DefaultValueSnapshotter::processValue (675 bytes)

GC Heap History (20 events):
Event: 3799.811 GC heap before
{Heap before GC invocations=48 (full 0):
 garbage-first heap   total 225280K, used 179538K [0x0000000080000000, 0x0000000100000000)
  region size 1024K, 61 young (62464K), 9 survivors (9216K)
 Metaspace       used 112509K, capacity 115870K, committed 116156K, reserved 1150976K
  class space    used 14378K, capacity 15647K, committed 15768K, reserved 1048576K
}
Event: 3799.846 GC heap after
{Heap after GC invocations=49 (full 0):
 garbage-first heap   total 225280K, used 132407K [0x0000000080000000, 0x0000000100000000)
  region size 1024K, 5 young (5120K), 5 survivors (5120K)
 Metaspace       used 112509K, capacity 115870K, committed 116156K, reserved 1150976K
  class space    used 14378K, capacity 15647K, committed 15768K, reserved 1048576K
}
Event: 3799.983 GC heap before
{Heap before GC invocations=49 (full 0):
 garbage-first heap   total 225280K, used 138551K [0x0000000080000000, 0x0000000100000000)
  region size 1024K, 11 young (11264K), 5 survivors (5120K)
 Metaspace       used 112606K, capacity 115946K, committed 116156K, reserved 1150976K
  class space    used 14381K, capacity 15649K, committed 15768K, reserved 1048576K
}
Event: 3800.000 GC heap after
{Heap after GC invocations=50 (full 0):
 garbage-first heap   total 225280K, used 130847K [0x0000000080000000, 0x0000000100000000)
  region size 1024K, 1 young (1024K), 1 survivors (1024K)
 Metaspace       used 112606K, capacity 115946K, committed 116156K, reserved 1150976K
  class space    used 14381K, capacity 15649K, committed 15768K, reserved 1048576K
}
Event: 3801.000 GC heap before
{Heap before GC invocations=50 (full 0):
 garbage-first heap   total 225280K, used 182047K [0x0000000080000000, 0x0000000100000000)
  region size 1024K, 52 young (53248K), 1 survivors (1024K)
 Metaspace       used 114550K, capacity 118040K, committed 118204K, reserved 1150976K
  class space    used 14635K, capacity 15972K, committed 16024K, reserved 1048576K
}
Event: 3801.013 GC heap after
{Heap after GC invocations=51 (full 0):
 garbage-first heap   total 225280K, used 134049K [0x0000000080000000, 0x0000000100000000)
  region size 1024K, 5 young (5120K), 5 survivors (5120K)
 Metaspace       used 114550K, capacity 118040K, committed 118204K, reserved 1150976K
  class space    used 14635K, capacity 15972K, committed 16024K, reserved 1048576K
}
Event: 3802.615 GC heap before
{Heap before GC invocations=52 (full 0):
 garbage-first heap   total 225280K, used 184225K [0x0000000080000000, 0x0000000100000000)
  region size 1024K, 54 young (55296K), 5 survivors (5120K)
 Metaspace       used 115705K, capacity 119184K, committed 119612K, reserved 1153024K
  class space    used 14672K, capacity 15963K, committed 16152K, reserved 1048576K
}
Event: 3802.634 GC heap after
{Heap after GC invocations=53 (full 0):
 garbage-first heap   total 225280K, used 132592K [0x0000000080000000, 0x0000000100000000)
  region size 1024K, 2 young (2048K), 2 survivors (2048K)
 Metaspace       used 115705K, capacity 119184K, committed 119612K, reserved 1153024K
  class space    used 14672K, capacity 15963K, committed 16152K, reserved 1048576K
}
Event: 3802.920 GC heap before
{Heap before GC invocations=53 (full 0):
 garbage-first heap   total 225280K, used 140784K [0x0000000080000000, 0x0000000100000000)
  region size 1024K, 11 young (11264K), 2 survivors (2048K)
 Metaspace       used 116168K, capacity 119654K, committed 119868K, reserved 1153024K
  class space    used 14735K, capacity 16034K, committed 16152K, reserved 1048576K
}
Event: 3802.944 GC heap after
{Heap after GC invocations=54 (full 0):
 garbage-first heap   total 225280K, used 135014K [0x0000000080000000, 0x0000000100000000)
  region size 1024K, 2 young (2048K), 2 survivors (2048K)
 Metaspace       used 116168K, capacity 119654K, committed 119868K, reserved 1153024K
  class space    used 14735K, capacity 16034K, committed 16152K, reserved 1048576K
}
Event: 3804.181 GC heap before
{Heap before GC invocations=54 (full 0):
 garbage-first heap   total 225280K, used 157542K [0x0000000080000000, 0x0000000100000000)
  region size 1024K, 26 young (26624K), 2 survivors (2048K)
 Metaspace       used 116737K, capacity 120209K, committed 120508K, reserved 1153024K
  class space    used 14838K, capacity 16147K, committed 16280K, reserved 1048576K
}
Event: 3804.199 GC heap after
{Heap after GC invocations=55 (full 0):
 garbage-first heap   total 225280K, used 140544K [0x0000000080000000, 0x0000000100000000)
  region size 1024K, 7 young (7168K), 7 survivors (7168K)
 Metaspace       used 116737K, capacity 120209K, committed 120508K, reserved 1153024K
  class space    used 14838K, capacity 16147K, committed 16280K, reserved 1048576K
}
Event: 3806.507 GC heap before
{Heap before GC invocations=56 (full 0):
 garbage-first heap   total 225280K, used 206080K [0x0000000080000000, 0x0000000100000000)
  region size 1024K, 43 young (44032K), 7 survivors (7168K)
 Metaspace       used 118880K, capacity 122449K, committed 122812K, reserved 1155072K
  class space    used 15085K, capacity 16407K, committed 16536K, reserved 1048576K
}
Event: 3806.519 GC heap after
{Heap after GC invocations=57 (full 0):
 garbage-first heap   total 225280K, used 136036K [0x0000000080000000, 0x0000000100000000)
  region size 1024K, 4 young (4096K), 4 survivors (4096K)
 Metaspace       used 118880K, capacity 122449K, committed 122812K, reserved 1155072K
  class space    used 15085K, capacity 16407K, committed 16536K, reserved 1048576K
}
Event: 3806.769 GC heap before
{Heap before GC invocations=57 (full 0):
 garbage-first heap   total 225280K, used 155492K [0x0000000080000000, 0x0000000100000000)
  region size 1024K, 11 young (11264K), 4 survivors (4096K)
 Metaspace       used 119281K, capacity 122927K, committed 123068K, reserved 1157120K
  class space    used 15143K, capacity 16480K, committed 16536K, reserved 1048576K
}
Event: 3806.782 GC heap after
{Heap after GC invocations=58 (full 0):
 garbage-first heap   total 225280K, used 117412K [0x0000000080000000, 0x0000000100000000)
  region size 1024K, 1 young (1024K), 1 survivors (1024K)
 Metaspace       used 119281K, capacity 122927K, committed 123068K, reserved 1157120K
  class space    used 15143K, capacity 16480K, committed 16536K, reserved 1048576K
}
Event: 4108.029 GC heap before
{Heap before GC invocations=58 (full 0):
 garbage-first heap   total 225280K, used 126628K [0x0000000080000000, 0x0000000100000000)
  region size 1024K, 11 young (11264K), 1 survivors (1024K)
 Metaspace       used 119431K, capacity 123030K, committed 123068K, reserved 1157120K
  class space    used 15159K, capacity 16514K, committed 16536K, reserved 1048576K
}
Event: 4108.049 GC heap after
{Heap after GC invocations=59 (full 0):
 garbage-first heap   total 225280K, used 114264K [0x0000000080000000, 0x0000000100000000)
  region size 1024K, 1 young (1024K), 1 survivors (1024K)
 Metaspace       used 119431K, capacity 123030K, committed 123068K, reserved 1157120K
  class space    used 15159K, capacity 16514K, committed 16536K, reserved 1048576K
}
Event: 4108.764 GC heap before
{Heap before GC invocations=59 (full 0):
 garbage-first heap   total 225280K, used 169560K [0x0000000080000000, 0x0000000100000000)
  region size 1024K, 55 young (56320K), 1 survivors (1024K)
 Metaspace       used 119523K, capacity 123232K, committed 123324K, reserved 1157120K
  class space    used 15159K, capacity 16515K, committed 16536K, reserved 1048576K
}
Event: 4108.781 GC heap after
{Heap after GC invocations=60 (full 0):
 garbage-first heap   total 225280K, used 120423K [0x0000000080000000, 0x0000000100000000)
  region size 1024K, 7 young (7168K), 7 survivors (7168K)
 Metaspace       used 119523K, capacity 123232K, committed 123324K, reserved 1157120K
  class space    used 15159K, capacity 16515K, committed 16536K, reserved 1048576K
}

Deoptimization events (20 events):
Event: 4108.436 Thread 0x000002919e705800 Uncommon trap: trap_request=0xffffffde fr.pc=0x000002918fa934bc relative=0x000000000000009c
Event: 4108.436 Thread 0x000002919e705800 Uncommon trap: reason=class_check action=maybe_recompile pc=0x000002918fa934bc method=java.lang.Enum.compareTo(Ljava/lang/Object;)I @ 2 c2
Event: 4108.436 Thread 0x000002919e705800 DEOPT PACKING pc=0x000002918fa934bc sp=0x000000c4dd5f9d10
Event: 4108.436 Thread 0x000002919e705800 DEOPT UNPACKING pc=0x00000291871da1af sp=0x000000c4dd5f9c98 mode 2
Event: 4108.436 Thread 0x000002919e705800 Uncommon trap: trap_request=0xffffffde fr.pc=0x000002918fa934bc relative=0x000000000000009c
Event: 4108.436 Thread 0x000002919e705800 Uncommon trap: reason=class_check action=maybe_recompile pc=0x000002918fa934bc method=java.lang.Enum.compareTo(Ljava/lang/Object;)I @ 2 c2
Event: 4108.436 Thread 0x000002919e705800 DEOPT PACKING pc=0x000002918fa934bc sp=0x000000c4dd5f9d10
Event: 4108.436 Thread 0x000002919e705800 DEOPT UNPACKING pc=0x00000291871da1af sp=0x000000c4dd5f9c98 mode 2
Event: 4108.439 Thread 0x000002919e705800 Uncommon trap: trap_request=0xffffffde fr.pc=0x000002918fa934bc relative=0x000000000000009c
Event: 4108.439 Thread 0x000002919e705800 Uncommon trap: reason=class_check action=maybe_recompile pc=0x000002918fa934bc method=java.lang.Enum.compareTo(Ljava/lang/Object;)I @ 2 c2
Event: 4108.439 Thread 0x000002919e705800 DEOPT PACKING pc=0x000002918fa934bc sp=0x000000c4dd5f9d10
Event: 4108.439 Thread 0x000002919e705800 DEOPT UNPACKING pc=0x00000291871da1af sp=0x000000c4dd5f9c98 mode 2
Event: 4108.439 Thread 0x000002919e705800 Uncommon trap: trap_request=0xffffffde fr.pc=0x000002918fa934bc relative=0x000000000000009c
Event: 4108.439 Thread 0x000002919e705800 Uncommon trap: reason=class_check action=maybe_recompile pc=0x000002918fa934bc method=java.lang.Enum.compareTo(Ljava/lang/Object;)I @ 2 c2
Event: 4108.439 Thread 0x000002919e705800 DEOPT PACKING pc=0x000002918fa934bc sp=0x000000c4dd5f9d10
Event: 4108.439 Thread 0x000002919e705800 DEOPT UNPACKING pc=0x00000291871da1af sp=0x000000c4dd5f9c98 mode 2
Event: 4108.737 Thread 0x00000291a2481000 Uncommon trap: trap_request=0xffffff4d fr.pc=0x000002918f79c25c relative=0x0000000000003f7c
Event: 4108.737 Thread 0x00000291a2481000 Uncommon trap: reason=unstable_if action=reinterpret pc=0x000002918f79c25c method=java.util.concurrent.locks.LockSupport.unpark(Ljava/lang/Thread;)V @ 1 c2
Event: 4108.737 Thread 0x00000291a2481000 DEOPT PACKING pc=0x000002918f79c25c sp=0x000000c4e0dfdeb0
Event: 4108.737 Thread 0x00000291a2481000 DEOPT UNPACKING pc=0x00000291871da1af sp=0x000000c4e0dfdbe0 mode 2

Classes redefined (0 events):
No events

Internal exceptions (20 events):
Event: 3805.459 Thread 0x000002919e706800 Exception <a 'java/lang/NoSuchMethodError'{0x000000008c636a50}: 'java.lang.Object java.lang.invoke.DirectMethodHandle$Holder.invokeSpecial(java.lang.Object, java.lang.Object, java.lang.Object, java.lang.Object, java.lang.Object, java.lang.Object, java.lang.Object, int, java.lang.Object)'> (0x000000008c636a50) thrown at [./src/hotspot/share/interpreter/linkResolver.cpp, line 773]
Event: 3805.459 Thread 0x000002919e706800 Exception <a 'java/lang/NoSuchMethodError'{0x000000008c63fd78}: 'java.lang.Object java.lang.invoke.DirectMethodHandle$Holder.invokeStatic(java.lang.Object, java.lang.Object, java.lang.Object, java.lang.Object, java.lang.Object, java.lang.Object, java.lang.Object, int)'> (0x000000008c63fd78) thrown at [./src/hotspot/share/interpreter/linkResolver.cpp, line 773]
Event: 3805.460 Thread 0x000002919e706800 Exception <a 'java/lang/NoSuchMethodError'{0x000000008c643d98}: 'java.lang.Object java.lang.invoke.DirectMethodHandle$Holder.invokeSpecial(java.lang.Object, java.lang.Object, java.lang.Object, java.lang.Object, java.lang.Object, java.lang.Object, java.lang.Object, java.lang.Object, int)'> (0x000000008c643d98) thrown at [./src/hotspot/share/interpreter/linkResolver.cpp, line 773]
Event: 3805.460 Thread 0x000002919e706800 Exception <a 'java/lang/NoSuchMethodError'{0x000000008c647430}: 'java.lang.Object java.lang.invoke.Invokers$Holder.linkToTargetMethod(java.lang.Object, java.lang.Object, java.lang.Object, java.lang.Object, java.lang.Object, java.lang.Object, int, java.lang.Object)'> (0x000000008c647430) thrown at [./src/hotspot/share/interpreter/linkResolver.cpp, line 773]
Event: 3805.591 Thread 0x000002919e706800 Exception <a 'sun/nio/fs/WindowsException'{0x000000008c4d99a8}> (0x000000008c4d99a8) thrown at [./src/hotspot/share/prims/jni.cpp, line 615]
Event: 3805.591 Thread 0x000002919e706800 Exception <a 'sun/nio/fs/WindowsException'{0x000000008c4d9ac0}> (0x000000008c4d9ac0) thrown at [./src/hotspot/share/prims/jni.cpp, line 615]
Event: 3805.634 Thread 0x00000291a2479000 Implicit null exception at 0x000002918f2c6b47 to 0x000002918f2c6f00
Event: 3806.759 Thread 0x000002919e706800 Exception <a 'java/lang/NoSuchMethodError'{0x000000008d5a5468}: 'java.lang.Object java.lang.invoke.DirectMethodHandle$Holder.invokeVirtual(java.lang.Object, java.lang.Object, int)'> (0x000000008d5a5468) thrown at [./src/hotspot/share/interpreter/linkResolver.cpp, line 773]
Event: 3806.761 Thread 0x000002919e706800 Implicit null exception at 0x000002918f4d0eed to 0x000002918f4d0f18
Event: 3806.851 Thread 0x00000291a2c09000 Exception <a 'sun/nio/fs/WindowsException'{0x000000008da51be0}> (0x000000008da51be0) thrown at [./src/hotspot/share/prims/jni.cpp, line 615]
Event: 3806.851 Thread 0x00000291a2c09000 Exception <a 'sun/nio/fs/WindowsException'{0x000000008da51c60}> (0x000000008da51c60) thrown at [./src/hotspot/share/prims/jni.cpp, line 615]
Event: 3806.851 Thread 0x00000291a2c09000 Exception <a 'sun/nio/fs/WindowsException'{0x000000008da54c60}> (0x000000008da54c60) thrown at [./src/hotspot/share/prims/jni.cpp, line 615]
Event: 3806.859 Thread 0x00000291a2c09000 Implicit null exception at 0x000002918f0b27c9 to 0x000002918f0b2d4c
Event: 3806.874 Thread 0x00000291a2c09000 Implicit null exception at 0x000002918f02d09b to 0x000002918f02d164
Event: 4108.325 Thread 0x000002919e705800 Exception <a 'sun/nio/fs/WindowsException'{0x000000008c3e2e08}> (0x000000008c3e2e08) thrown at [./src/hotspot/share/prims/jni.cpp, line 615]
Event: 4108.481 Thread 0x000002919e705800 Exception <a 'sun/nio/fs/WindowsException'{0x000000008b66bed8}> (0x000000008b66bed8) thrown at [./src/hotspot/share/prims/jni.cpp, line 615]
Event: 4108.488 Thread 0x000002919e705800 Exception <a 'sun/nio/fs/WindowsException'{0x000000008b50d140}> (0x000000008b50d140) thrown at [./src/hotspot/share/prims/jni.cpp, line 615]
Event: 4108.489 Thread 0x000002919e705800 Exception <a 'sun/nio/fs/WindowsException'{0x000000008b50e628}> (0x000000008b50e628) thrown at [./src/hotspot/share/prims/jni.cpp, line 615]
Event: 4108.489 Thread 0x000002919e705800 Exception <a 'sun/nio/fs/WindowsException'{0x000000008b50f900}> (0x000000008b50f900) thrown at [./src/hotspot/share/prims/jni.cpp, line 615]
Event: 4108.489 Thread 0x000002919e705800 Exception <a 'sun/nio/fs/WindowsException'{0x000000008b510bd8}> (0x000000008b510bd8) thrown at [./src/hotspot/share/prims/jni.cpp, line 615]

Events (20 events):
Event: 4108.820 Executing VM operation: RevokeBias
Event: 4108.820 Executing VM operation: RevokeBias done
Event: 4108.827 Executing VM operation: RevokeBias
Event: 4108.827 Executing VM operation: RevokeBias done
Event: 4108.827 Executing VM operation: RevokeBias
Event: 4108.827 Executing VM operation: RevokeBias done
Event: 4108.827 Executing VM operation: RevokeBias
Event: 4108.828 Executing VM operation: RevokeBias done
Event: 4108.864 Executing VM operation: RevokeBias
Event: 4108.864 Executing VM operation: RevokeBias done
Event: 4108.865 Executing VM operation: RevokeBias
Event: 4108.865 Executing VM operation: RevokeBias done
Event: 4108.867 Executing VM operation: RevokeBias
Event: 4108.867 Executing VM operation: RevokeBias done
Event: 4108.867 Executing VM operation: RevokeBias
Event: 4108.867 Executing VM operation: RevokeBias done
Event: 4109.049 Executing VM operation: RevokeBias
Event: 4109.049 Executing VM operation: RevokeBias done
Event: 4109.049 Executing VM operation: BulkRevokeBias
Event: 4109.051 Executing VM operation: BulkRevokeBias done


Dynamic libraries:
0x00007ff721570000 - 0x00007ff72157a000 	C:\Program Files\Android\Android Studio\jre\bin\java.exe
0x00007ffade990000 - 0x00007ffadeb85000 	C:\Windows\SYSTEM32\ntdll.dll
0x00007ffadd9f0000 - 0x00007ffaddaad000 	C:\Windows\System32\KERNEL32.DLL
0x00007ffadc350000 - 0x00007ffadc618000 	C:\Windows\System32\KERNELBASE.dll
0x00007ffadc250000 - 0x00007ffadc350000 	C:\Windows\System32\ucrtbase.dll
0x00007fface860000 - 0x00007fface877000 	C:\Program Files\Android\Android Studio\jre\bin\VCRUNTIME140.dll
0x00007fface840000 - 0x00007fface859000 	C:\Program Files\Android\Android Studio\jre\bin\jli.dll
0x00007ffadd7d0000 - 0x00007ffadd970000 	C:\Windows\System32\USER32.dll
0x00007ffadc700000 - 0x00007ffadc722000 	C:\Windows\System32\win32u.dll
0x00007ffaca290000 - 0x00007ffaca52a000 	C:\Windows\WinSxS\amd64_microsoft.windows.common-controls_6595b64144ccf1df_6.0.19041.844_none_ca00b6081b84eb1d\COMCTL32.dll
0x00007ffaddb20000 - 0x00007ffaddbbe000 	C:\Windows\System32\msvcrt.dll
0x00007ffade7f0000 - 0x00007ffade81a000 	C:\Windows\System32\GDI32.dll
0x00007ffadc730000 - 0x00007ffadc83b000 	C:\Windows\System32\gdi32full.dll
0x00007ffadc150000 - 0x00007ffadc1ed000 	C:\Windows\System32\msvcp_win.dll
0x00007ffadd0f0000 - 0x00007ffadd120000 	C:\Windows\System32\IMM32.DLL
0x00007fface7a0000 - 0x00007fface83d000 	C:\Program Files\Android\Android Studio\jre\bin\msvcp140.dll
0x00007ffa93de0000 - 0x00007ffa948c5000 	C:\Program Files\Android\Android Studio\jre\bin\server\jvm.dll
0x00007ffadd120000 - 0x00007ffadd1cc000 	C:\Windows\System32\ADVAPI32.dll
0x00007ffaddd40000 - 0x00007ffaddddb000 	C:\Windows\System32\sechost.dll
0x00007ffade820000 - 0x00007ffade94b000 	C:\Windows\System32\RPCRT4.dll
0x00007ffade7e0000 - 0x00007ffade7e8000 	C:\Windows\System32\PSAPI.DLL
0x00007ffad7b40000 - 0x00007ffad7b49000 	C:\Windows\SYSTEM32\WSOCK32.dll
0x00007ffacbc90000 - 0x00007ffacbc9a000 	C:\Windows\SYSTEM32\VERSION.dll
0x00007ffad5f30000 - 0x00007ffad5f57000 	C:\Windows\SYSTEM32\WINMM.dll
0x00007ffaddea0000 - 0x00007ffaddf0b000 	C:\Windows\System32\WS2_32.dll
0x00007ffada9a0000 - 0x00007ffada9b2000 	C:\Windows\SYSTEM32\kernel.appcore.dll
0x00007ffad7a90000 - 0x00007ffad7aa1000 	C:\Program Files\Android\Android Studio\jre\bin\verify.dll
0x00007ffacabe0000 - 0x00007ffacadc4000 	C:\Windows\SYSTEM32\DBGHELP.DLL
0x00007ffacabb0000 - 0x00007ffacabdc000 	C:\Windows\SYSTEM32\dbgcore.DLL
0x00007ffadc0d0000 - 0x00007ffadc150000 	C:\Windows\System32\bcryptPrimitives.dll
0x00007fface530000 - 0x00007fface559000 	C:\Program Files\Android\Android Studio\jre\bin\java.dll
0x00007ffad7a80000 - 0x00007ffad7a8b000 	C:\Program Files\Android\Android Studio\jre\bin\jimage.dll
0x00007ffad7a40000 - 0x00007ffad7a58000 	C:\Program Files\Android\Android Studio\jre\bin\zip.dll
0x00007ffaddf10000 - 0x00007ffade652000 	C:\Windows\System32\SHELL32.dll
0x00007ffada200000 - 0x00007ffada990000 	C:\Windows\SYSTEM32\windows.storage.dll
0x00007ffadcd70000 - 0x00007ffadd0c5000 	C:\Windows\System32\combase.dll
0x00007ffadba70000 - 0x00007ffadba9c000 	C:\Windows\SYSTEM32\Wldp.dll
0x00007ffadddf0000 - 0x00007ffadde9e000 	C:\Windows\System32\SHCORE.dll
0x00007ffadd770000 - 0x00007ffadd7c5000 	C:\Windows\System32\shlwapi.dll
0x00007ffadc010000 - 0x00007ffadc02f000 	C:\Windows\SYSTEM32\profapi.dll
0x00007ffacd090000 - 0x00007ffacd0aa000 	C:\Program Files\Android\Android Studio\jre\bin\net.dll
0x00007ffad4490000 - 0x00007ffad459b000 	C:\Windows\SYSTEM32\WINHTTP.dll
0x00007ffadb7e0000 - 0x00007ffadb84a000 	C:\Windows\system32\mswsock.dll
0x00007ffaca7b0000 - 0x00007ffaca7c4000 	C:\Program Files\Android\Android Studio\jre\bin\nio.dll
0x00007ffad7ab0000 - 0x00007ffad7ad7000 	C:\Users\Track Computers\.gradle\native\e1d6ef7f7dcc3fd88c89a11ec53ec762bb8ba0a96d01ffa2cd45eb1d1d8dd5c5\windows-amd64\native-platform.dll
0x00007ffac3a70000 - 0x00007ffac3bb4000 	C:\Users\Track Computers\.gradle\native\5664cfc778a61ccfe75a443a1ab52a65af34e5dc3c78e0209fed803814484fcb\windows-amd64\native-platform-file-events.dll
0x00007ffad69c0000 - 0x00007ffad69ca000 	C:\Program Files\Android\Android Studio\jre\bin\management.dll
0x00007ffad65e0000 - 0x00007ffad65ed000 	C:\Program Files\Android\Android Studio\jre\bin\management_ext.dll
0x00007ffadb9c0000 - 0x00007ffadb9d8000 	C:\Windows\SYSTEM32\CRYPTSP.dll
0x00007ffadb180000 - 0x00007ffadb1b4000 	C:\Windows\system32\rsaenh.dll
0x00007ffadc620000 - 0x00007ffadc647000 	C:\Windows\System32\bcrypt.dll
0x00007ffadbfd0000 - 0x00007ffadbffe000 	C:\Windows\SYSTEM32\USERENV.dll
0x00007ffadb9b0000 - 0x00007ffadb9bc000 	C:\Windows\SYSTEM32\CRYPTBASE.dll
0x00007ffadb4d0000 - 0x00007ffadb50b000 	C:\Windows\SYSTEM32\IPHLPAPI.DLL
0x00007ffaddde0000 - 0x00007ffaddde8000 	C:\Windows\System32\NSI.dll
0x00007ffad2100000 - 0x00007ffad2117000 	C:\Windows\SYSTEM32\dhcpcsvc6.DLL
0x00007ffad2600000 - 0x00007ffad261d000 	C:\Windows\SYSTEM32\dhcpcsvc.DLL
0x00007ffadb510000 - 0x00007ffadb5dc000 	C:\Windows\SYSTEM32\DNSAPI.dll
0x00007fface780000 - 0x00007fface79e000 	C:\Users\Track Computers\AppData\Local\Temp\native-platform10052639881823673185dir\native-platform.dll
0x00007fface770000 - 0x00007fface778000 	C:\Program Files\Android\Android Studio\jre\bin\rmi.dll
0x00007ffaca790000 - 0x00007ffaca7a7000 	C:\Windows\system32\napinsp.dll
0x00007ffaca770000 - 0x00007ffaca78b000 	C:\Windows\system32\pnrpnsp.dll
0x00007ffabc7d0000 - 0x00007ffabc7e5000 	C:\Windows\system32\wshbth.dll
0x00007ffad7a10000 - 0x00007ffad7a2d000 	C:\Windows\system32\NLAapi.dll
0x00007ffaca750000 - 0x00007ffaca762000 	C:\Windows\System32\winrnr.dll
0x00007ffacded0000 - 0x00007ffacdeda000 	C:\Windows\System32\rasadhlp.dll
0x00007fface220000 - 0x00007fface29f000 	C:\Windows\System32\fwpuclnt.dll
0x00007ffac81a0000 - 0x00007ffac81c7000 	C:\Program Files\Android\Android Studio\jre\bin\sunec.dll

dbghelp: loaded successfully - version: 4.0.5 - missing functions: none
symbol engine: initialized successfully - sym options: 0x614 - pdb path: .;C:\Program Files\Android\Android Studio\jre\bin;C:\Windows\SYSTEM32;C:\Windows\WinSxS\amd64_microsoft.windows.common-controls_6595b64144ccf1df_6.0.19041.844_none_ca00b6081b84eb1d;C:\Program Files\Android\Android Studio\jre\bin\server;C:\Users\Track Computers\.gradle\native\e1d6ef7f7dcc3fd88c89a11ec53ec762bb8ba0a96d01ffa2cd45eb1d1d8dd5c5\windows-amd64;C:\Users\Track Computers\.gradle\native\5664cfc778a61ccfe75a443a1ab52a65af34e5dc3c78e0209fed803814484fcb\windows-amd64;C:\Users\Track Computers\AppData\Local\Temp\native-platform10052639881823673185dir

VM Arguments:
jvm_args: --add-opens=java.base/java.util=ALL-UNNAMED --add-opens=java.base/java.lang=ALL-UNNAMED --add-opens=java.base/java.lang.invoke=ALL-UNNAMED --add-opens=java.base/java.util=ALL-UNNAMED --add-opens=java.prefs/java.util.prefs=ALL-UNNAMED --add-opens=java.prefs/java.util.prefs=ALL-UNNAMED --add-opens=java.base/java.nio.charset=ALL-UNNAMED --add-opens=java.base/java.net=ALL-UNNAMED --add-opens=java.base/java.util.concurrent.atomic=ALL-UNNAMED -Xmx2048m -Dfile.encoding=UTF-8 -Duser.country=US -Duser.language=en -Duser.variant 
java_command: org.gradle.launcher.daemon.bootstrap.GradleDaemon 7.2
java_class_path (initial): C:\Users\Track Computers\.gradle\wrapper\dists\gradle-7.2-bin\2dnblmf4td7x66yl1d74lt32g\gradle-7.2\lib\gradle-launcher-7.2.jar
Launcher Type: SUN_STANDARD

[Global flags]
     intx CICompilerCount                          = 3                                         {product} {ergonomic}
     uint ConcGCThreads                            = 1                                         {product} {ergonomic}
     uint G1ConcRefinementThreads                  = 4                                         {product} {ergonomic}
   size_t G1HeapRegionSize                         = 1048576                                   {product} {ergonomic}
    uintx GCDrainStackTargetSize                   = 64                                        {product} {ergonomic}
   size_t InitialHeapSize                          = 132120576                                 {product} {ergonomic}
   size_t MarkStackSize                            = 4194304                                   {product} {ergonomic}
   size_t MaxHeapSize                              = 2147483648                                {product} {command line}
   size_t MaxNewSize                               = 1287651328                                {product} {ergonomic}
   size_t MinHeapDeltaBytes                        = 1048576                                   {product} {ergonomic}
    uintx NonNMethodCodeHeapSize                   = 5830732                                {pd product} {ergonomic}
    uintx NonProfiledCodeHeapSize                  = 122913754                              {pd product} {ergonomic}
    uintx ProfiledCodeHeapSize                     = 122913754                              {pd product} {ergonomic}
    uintx ReservedCodeCacheSize                    = 251658240                              {pd product} {ergonomic}
     bool SegmentedCodeCache                       = true                                      {product} {ergonomic}
     bool UseCompressedClassPointers               = true                                 {lp64_product} {ergonomic}
     bool UseCompressedOops                        = true                                 {lp64_product} {ergonomic}
     bool UseG1GC                                  = true                                      {product} {ergonomic}
     bool UseLargePagesIndividualAllocation        = false                                  {pd product} {ergonomic}

Logging:
Log output configuration:
 #0: stdout all=warning uptime,level,tags
 #1: stderr all=off uptime,level,tags

Environment Variables:
PATH=C:\Program Files (x86)\Common Files\Oracle\Java\javapath;C:\Windows\system32;C:\Windows;C:\Windows\System32\Wbem;C:\Windows\System32\WindowsPowerShell\v1.0\;C:\Windows\System32\OpenSSH\;C:\Program Files\Git\cmd;C:\Users\Track Computers\AppData\Local\Microsoft\WindowsApps;
USERNAME=Track Computers
OS=Windows_NT
PROCESSOR_IDENTIFIER=Intel64 Family 6 Model 58 Stepping 9, GenuineIntel



---------------  S Y S T E M  ---------------

OS: Windows 10 , 64 bit Build 19041 (10.0.19041.928)
OS uptime: 0 days 21:03 hours

CPU:total 4 (initial active 4) (2 cores per cpu, 2 threads per core) family 6 model 58 stepping 9 microcode 0x21, cmov, cx8, fxsr, mmx, sse, sse2, sse3, ssse3, sse4.1, sse4.2, popcnt, avx, clmul, erms, ht, tsc, tscinvbit, tscinv

Memory: 4k page, system-wide physical 7971M (2801M free)
TotalPageFile size 9251M (AvailPageFile size 3011M)
current process WorkingSet (physical memory assigned to process): 511M, peak: 569M
current process commit charge ("private bytes"): 589M, peak: 612M

vm_info: OpenJDK 64-Bit Server VM (11.0.12+7-b1504.28-7817840) for windows-amd64 JRE (11.0.12+7-b1504.28-7817840), built on Oct 13 2021 22:12:33 by "builder" with MS VC++ 14.0 (VS2015)

END.
